using THREADS=3
Warning: Parsing the index cache failed (01-index.cache: unexpected magic
marker encountered: 891426084510914466). Trying to regenerate the index
cache...
Entering ./hadrian directory...
Back to /c/TeamCity/buildAgent/work/a45bb99c6f82efd7
Hadrian configure command: ./configure
Hadrian command: /c/TeamCity/buildAgent/work/a45bb99c6f82efd7/hadrian/dist-newstyle/build/x86_64-windows/ghc-8.6.5/hadrian-0.1.0.0/x/hadrian/build/hadrian/hadrian -j3 --build-root=_validatebuild
| Removing Hadrian files...
| Remove directory _validatebuild/stage0
| Remove directory _validatebuild/stage1
| Remove directory _validatebuild/stage2
| Remove directory _validatebuild/stage3
| Remove directory sdistprep
| Remove directory _validatebuild (after build completes)
| Done. 
Build completed in 0.05s

libraries/array/
libraries/base/
libraries/binary/
libraries/bytestring/
libraries/Cabal/
libraries/containers/
libraries/deepseq/
libraries/directory/
libraries/doc/
libraries/exceptions/
libraries/filepath/
libraries/ghc-bignum/
libraries/ghc-boot/
libraries/ghc-boot-th/
libraries/ghc-compact/
libraries/ghc-heap/
libraries/ghc-prim/
libraries/ghci/
libraries/haskeline/
libraries/hpc/
libraries/integer-gmp/
libraries/libiserv/
libraries/mtl/
libraries/parsec/
libraries/pretty/
libraries/process/
libraries/stm/
libraries/template-haskell/
libraries/terminfo/
libraries/text/
libraries/time/
libraries/transformers/
libraries/unix/
libraries/Win32/
libraries/xhtml/
Creating libraries/array/ghc.mk
Creating libraries/base/ghc.mk
Creating libraries/binary/ghc.mk
Creating libraries/bytestring/ghc.mk
Creating libraries/Cabal/Cabal/ghc.mk
Creating libraries/containers/containers/ghc.mk
Creating libraries/deepseq/ghc.mk
Creating libraries/directory/ghc.mk
Creating libraries/exceptions/ghc.mk
Creating libraries/filepath/ghc.mk
Creating libraries/ghc-bignum/ghc.mk
Skipping libraries/ghc-boot/ghc.mk which already exists
Creating libraries/ghc-boot-th/ghc.mk
Creating libraries/ghc-compact/ghc.mk
Creating libraries/ghc-heap/ghc.mk
Creating libraries/ghc-prim/ghc.mk
Creating libraries/ghci/ghc.mk
Creating libraries/haskeline/ghc.mk
Creating libraries/hpc/ghc.mk
Creating libraries/integer-gmp/ghc.mk
Creating libraries/libiserv/ghc.mk
Creating libraries/mtl/ghc.mk
Creating libraries/parsec/ghc.mk
Creating libraries/pretty/ghc.mk
Creating libraries/process/ghc.mk
Creating libraries/stm/ghc.mk
Creating libraries/template-haskell/ghc.mk
Creating libraries/terminfo/ghc.mk
Creating libraries/text/ghc.mk
Creating libraries/time/ghc.mk
Creating libraries/transformers/ghc.mk
Creating libraries/unix/ghc.mk
Creating libraries/Win32/ghc.mk
Creating libraries/xhtml/ghc.mk
Booting .
Booting libraries/base/
Booting libraries/directory/
Booting libraries/ghc-bignum/
Booting libraries/process/
Booting libraries/terminfo/
Booting libraries/time/
Booting libraries/unix/
configure: loading site script /mingw64/etc/config.site
checking for gfind... no
checking for find... /usr/bin/find
checking for sort... /usr/bin/sort
checking for GHC version date... error: object directory /c/TeamCity/buildAgent/work/a45bb99c6f82efd7/.git/objects/C:\TeamCity\buildAgent\system\git\git-B8708990.git\objects does not exist; check .git/objects/info/alternates.
fatal: bad object HEAD
inferred 9.3.20210918
checking for GHC Git commit id... inferred d99fc2508204c59cfc83d8a68718cf930ccc74b2
checking for ghc... /mingw64/bin/ghc
checking version of ghc... 8.6.5
configure: error: GHC version 8.10 or later is required to compile GHC.
