This file contains any messages produced by compilers while
running configure, to aid debugging if configure makes a mistake.

It was created by The Glorious Glasgow Haskell Compilation System configure 8.9.0, which was
generated by GNU Autoconf 2.69.  Invocation command line was

  $ ./configure --prefix=/c/TeamCity/buildAgent/work/a45bb99c6f82efd7/inst --enable-tarballs-autodownload

## --------- ##
## Platform. ##
## --------- ##

hostname = EXIA
uname -m = x86_64
uname -r = 2.7.0(0.306/5/3)
uname -s = MINGW64_NT-6.3
uname -v = 2017-02-14 08:57

/usr/bin/uname -p = unknown
/bin/uname -X     = unknown

/bin/arch              = x86_64
/usr/bin/arch -k       = unknown
/usr/convex/getsysinfo = unknown
/usr/bin/hostinfo      = unknown
/bin/machine           = unknown
/usr/bin/oslevel       = unknown
/bin/universe          = unknown

PATH: /mingw64/bin
PATH: /mingw64/bin
PATH: /usr/local/bin
PATH: /usr/bin
PATH: /bin
PATH: /c/Windows/System32
PATH: /c/Windows
PATH: /c/Windows/System32/Wbem
PATH: /c/Windows/System32/WindowsPowerShell/v1.0/
PATH: /usr/bin/site_perl
PATH: /usr/bin/vendor_perl
PATH: /usr/bin/core_perl


## ----------- ##
## Core tests. ##
## ----------- ##

configure:2597: loading site script /mingw64/etc/config.site
| # This file is in public domain.
| # Original author: Karlson2k (Evgeny Grin)
| # Written for MSys2/MinGW64 to help running 'configure' scripts
| 
| # Defaults for MinGW64-targeted programs
| 
| # Set proper selfname on bash and fallback to default name on other shells
| test -n "${BASH_SOURCE}" 2>/dev/null && config_site_me="${BASH_SOURCE[0]##*/}" || config_site_me=config.site
| 
| # Set default 'host' to speedup configure
| if test -z "$build_alias"; then
|   build_alias="${MSYSTEM_CHOST-x86_64-w64-mingw32}" && \
|     $as_echo "$config_site_me:${as_lineno-$LINENO}: default build_alias set to $build_alias" >&5 
| fi
| 
| # Set default 'prefix' to "/mingw64"
| if ( test -z "$prefix" || test "x$prefix" = "xNONE" ) && \
|    ( test -z "$exec_prefix" || test "x$exec_prefix" = "xNONE" ); then
|   prefix="${MSYSTEM_PREFIX-/mingw64}" && \
|     $as_echo "$config_site_me:${as_lineno-$LINENO}: default prefix set to $prefix" >&5
| fi
config.site:13: default build_alias set to x86_64-w64-mingw32
configure:2720: checking for gfind
configure:2753: result: no
configure:2720: checking for find
configure:2738: found /usr/bin/find
configure:2750: result: /usr/bin/find
configure:2830: checking for sort
configure:2848: found /usr/bin/sort
configure:2860: result: /usr/bin/sort
configure:2937: checking for GHC version date
configure:2950: result: inferred 8.9.0.20190530
configure:2963: checking for GHC Git commit id
configure:2971: result: inferred 424e85b2e1fc0f81504fcc2ee2d6c8ffe7e064e9
configure:3064: checking for ghc
configure:3082: found /mingw64/bin/ghc
configure:3094: result: /mingw64/bin/ghc
configure:3147: checking version of ghc
The Glorious Glasgow Haskell Compilation System, version 8.4.3
configure:3176: result: 8.4.3
configure:3352: checking build system type
configure:3366: result: x86_64-w64-mingw32
configure:3386: checking host system type
configure:3399: result: x86_64-w64-mingw32
configure:3419: checking target system type
configure:3432: result: x86_64-w64-mingw32
configure:4393: checking for path to top of build tree
configure:4419: result: C:/TeamCity/buildAgent/work/a45bb99c6f82efd7
configure:4448: Checking for Windows toolchain tarballs...
configure:4486: Extracting Windows toolchain from archives (may take a while)...
configure:4505: In-tree MingW-w64 tree created
configure:4527: checking for genlib
configure:4560: result: no
configure:4898: checking for -windres
configure:4928: result: no
configure:4982: checking for -dllwrap
configure:5012: result: no
configure:5066: checking for -objdump
configure:5093: result: C:/TeamCity/buildAgent/work/a45bb99c6f82efd7/inplace/mingw/bin/objdump.exe
configure:5452: checking for C compiler version
configure:5461: C:/TeamCity/buildAgent/work/a45bb99c6f82efd7/inplace/mingw/bin/gcc.exe --version >&5
realgcc.exe (Rev1, Built by MSYS2 project) 7.2.0
Copyright (C) 2017 Free Software Foundation, Inc.
This is free software; see the source for copying conditions.  There is NO
warranty; not even for MERCHANTABILITY or FITNESS FOR A PARTICULAR PURPOSE.

configure:5472: $? = 0
configure:5461: C:/TeamCity/buildAgent/work/a45bb99c6f82efd7/inplace/mingw/bin/gcc.exe -v >&5
Using built-in specs.
COLLECT_GCC=C:\\TeamCity\\buildAgent\\work\\a45bb99c6f82efd7\\inplace\\mingw\\bin/realgcc.exe
COLLECT_LTO_WRAPPER=C://TeamCity//buildAgent//work//a45bb99c6f82efd7//inplace//mingw//bin/../lib/gcc/x86_64-w64-mingw32/7.2.0/lto-wrapper.exe
Target: x86_64-w64-mingw32
Configured with: ../gcc-7.2.0/configure --prefix=/mingw64 --with-local-prefix=/mingw64/local --build=x86_64-w64-mingw32 --host=x86_64-w64-mingw32 --target=x86_64-w64-mingw32 --with-native-system-header-dir=/mingw64/x86_64-w64-mingw32/include --libexecdir=/mingw64/lib --enable-bootstrap --with-arch=x86-64 --with-tune=generic --enable-languages=c,lto,c++,objc,obj-c++,fortran,ada --enable-shared --enable-static --enable-libatomic --enable-threads=posix --enable-graphite --enable-fully-dynamic-string --enable-libstdcxx-time=yes --disable-libstdcxx-pch --disable-libstdcxx-debug --disable-isl-version-check --enable-lto --enable-libgomp --disable-multilib --enable-checking=release --disable-rpath --disable-win32-registry --disable-nls --disable-werror --disable-symvers --with-libiconv --with-system-zlib --with-gmp=/mingw64 --with-mpfr=/mingw64 --with-mpc=/mingw64 --with-isl=/mingw64 --with-pkgversion='Rev1, Built by MSYS2 project' --with-bugurl=https://sourceforge.net/projects/msys2 --with-gnu-as --with-gnu-ld
Thread model: posix
gcc version 7.2.0 (Rev1, Built by MSYS2 project) 
configure:5472: $? = 0
configure:5461: C:/TeamCity/buildAgent/work/a45bb99c6f82efd7/inplace/mingw/bin/gcc.exe -V >&5
realgcc.exe: error: unrecognized command line option '-V'
realgcc.exe: fatal error: no input files
compilation terminated.
configure:5472: $? = 1
configure:5461: C:/TeamCity/buildAgent/work/a45bb99c6f82efd7/inplace/mingw/bin/gcc.exe -qversion >&5
realgcc.exe: error: unrecognized command line option '-qversion'; did you mean '--version'?
realgcc.exe: fatal error: no input files
compilation terminated.
configure:5472: $? = 1
configure:5492: checking whether the C compiler works
configure:5514: C:/TeamCity/buildAgent/work/a45bb99c6f82efd7/inplace/mingw/bin/gcc.exe    conftest.c  >&5
configure:5518: $? = 0
configure:5566: result: yes
configure:5569: checking for C compiler default output file name
configure:5571: result: a.exe
configure:5577: checking for suffix of executables
configure:5584: C:/TeamCity/buildAgent/work/a45bb99c6f82efd7/inplace/mingw/bin/gcc.exe -o conftest.exe    conftest.c  >&5
configure:5588: $? = 0
configure:5610: result: .exe
configure:5632: checking whether we are cross compiling
configure:5640: C:/TeamCity/buildAgent/work/a45bb99c6f82efd7/inplace/mingw/bin/gcc.exe -o conftest.exe    conftest.c  >&5
configure:5644: $? = 0
configure:5651: ./conftest.exe
configure:5655: $? = 0
configure:5670: result: no
configure:5675: checking for suffix of object files
configure:5697: C:/TeamCity/buildAgent/work/a45bb99c6f82efd7/inplace/mingw/bin/gcc.exe -c   conftest.c >&5
configure:5701: $? = 0
configure:5722: result: o
configure:5726: checking whether we are using the GNU C compiler
configure:5745: C:/TeamCity/buildAgent/work/a45bb99c6f82efd7/inplace/mingw/bin/gcc.exe -c   conftest.c >&5
configure:5745: $? = 0
configure:5754: result: yes
configure:5763: checking whether C:/TeamCity/buildAgent/work/a45bb99c6f82efd7/inplace/mingw/bin/gcc.exe accepts -g
configure:5783: C:/TeamCity/buildAgent/work/a45bb99c6f82efd7/inplace/mingw/bin/gcc.exe -c -g  conftest.c >&5
configure:5783: $? = 0
configure:5824: result: yes
configure:5841: checking for C:/TeamCity/buildAgent/work/a45bb99c6f82efd7/inplace/mingw/bin/gcc.exe option to accept ISO C89
configure:5904: C:/TeamCity/buildAgent/work/a45bb99c6f82efd7/inplace/mingw/bin/gcc.exe  -c -g -O2  conftest.c >&5
configure:5904: $? = 0
configure:5917: result: none needed
configure:5952: checking how to run the C preprocessor
configure:5983: C:/TeamCity/buildAgent/work/a45bb99c6f82efd7/inplace/mingw/bin/gcc.exe -E  conftest.c
configure:5983: $? = 0
configure:5997: C:/TeamCity/buildAgent/work/a45bb99c6f82efd7/inplace/mingw/bin/gcc.exe -E  conftest.c
conftest.c:9:10: fatal error: ac_nonexistent.h: No such file or directory
 #include <ac_nonexistent.h>
          ^~~~~~~~~~~~~~~~~~
compilation terminated.
configure:5997: $? = 1
configure: failed program was:
| /* confdefs.h */
| #define PACKAGE_NAME "The Glorious Glasgow Haskell Compilation System"
| #define PACKAGE_TARNAME "ghc-8.9.0"
| #define PACKAGE_VERSION "8.9.0"
| #define PACKAGE_STRING "The Glorious Glasgow Haskell Compilation System 8.9.0"
| #define PACKAGE_BUGREPORT "glasgow-haskell-bugs@haskell.org"
| #define PACKAGE_URL ""
| /* end confdefs.h.  */
| #include <ac_nonexistent.h>
configure:6022: result: C:/TeamCity/buildAgent/work/a45bb99c6f82efd7/inplace/mingw/bin/gcc.exe -E
configure:6042: C:/TeamCity/buildAgent/work/a45bb99c6f82efd7/inplace/mingw/bin/gcc.exe -E  conftest.c
configure:6042: $? = 0
configure:6056: C:/TeamCity/buildAgent/work/a45bb99c6f82efd7/inplace/mingw/bin/gcc.exe -E  conftest.c
conftest.c:9:10: fatal error: ac_nonexistent.h: No such file or directory
 #include <ac_nonexistent.h>
          ^~~~~~~~~~~~~~~~~~
compilation terminated.
configure:6056: $? = 1
configure: failed program was:
| /* confdefs.h */
| #define PACKAGE_NAME "The Glorious Glasgow Haskell Compilation System"
| #define PACKAGE_TARNAME "ghc-8.9.0"
| #define PACKAGE_VERSION "8.9.0"
| #define PACKAGE_STRING "The Glorious Glasgow Haskell Compilation System 8.9.0"
| #define PACKAGE_BUGREPORT "glasgow-haskell-bugs@haskell.org"
| #define PACKAGE_URL ""
| /* end confdefs.h.  */
| #include <ac_nonexistent.h>
configure:6085: checking for grep that handles long lines and -e
configure:6143: result: /usr/bin/grep
configure:6148: checking for egrep
configure:6210: result: /usr/bin/grep -E
configure:6215: checking for ANSI C header files
configure:6235: C:/TeamCity/buildAgent/work/a45bb99c6f82efd7/inplace/mingw/bin/gcc.exe -c -g -O2  conftest.c >&5
configure:6235: $? = 0
configure:6308: C:/TeamCity/buildAgent/work/a45bb99c6f82efd7/inplace/mingw/bin/gcc.exe -o conftest.exe -g -O2   conftest.c  >&5
configure:6308: $? = 0
configure:6308: ./conftest.exe
configure:6308: $? = 0
configure:6319: result: yes
configure:6332: checking for sys/types.h
configure:6332: C:/TeamCity/buildAgent/work/a45bb99c6f82efd7/inplace/mingw/bin/gcc.exe -c -g -O2  conftest.c >&5
configure:6332: $? = 0
configure:6332: result: yes
configure:6332: checking for sys/stat.h
configure:6332: C:/TeamCity/buildAgent/work/a45bb99c6f82efd7/inplace/mingw/bin/gcc.exe -c -g -O2  conftest.c >&5
configure:6332: $? = 0
configure:6332: result: yes
configure:6332: checking for stdlib.h
configure:6332: C:/TeamCity/buildAgent/work/a45bb99c6f82efd7/inplace/mingw/bin/gcc.exe -c -g -O2  conftest.c >&5
configure:6332: $? = 0
configure:6332: result: yes
configure:6332: checking for string.h
configure:6332: C:/TeamCity/buildAgent/work/a45bb99c6f82efd7/inplace/mingw/bin/gcc.exe -c -g -O2  conftest.c >&5
configure:6332: $? = 0
configure:6332: result: yes
configure:6332: checking for memory.h
configure:6332: C:/TeamCity/buildAgent/work/a45bb99c6f82efd7/inplace/mingw/bin/gcc.exe -c -g -O2  conftest.c >&5
configure:6332: $? = 0
configure:6332: result: yes
configure:6332: checking for strings.h
configure:6332: C:/TeamCity/buildAgent/work/a45bb99c6f82efd7/inplace/mingw/bin/gcc.exe -c -g -O2  conftest.c >&5
configure:6332: $? = 0
configure:6332: result: yes
configure:6332: checking for inttypes.h
configure:6332: C:/TeamCity/buildAgent/work/a45bb99c6f82efd7/inplace/mingw/bin/gcc.exe -c -g -O2  conftest.c >&5
configure:6332: $? = 0
configure:6332: result: yes
configure:6332: checking for stdint.h
configure:6332: C:/TeamCity/buildAgent/work/a45bb99c6f82efd7/inplace/mingw/bin/gcc.exe -c -g -O2  conftest.c >&5
configure:6332: $? = 0
configure:6332: result: yes
configure:6332: checking for unistd.h
configure:6332: C:/TeamCity/buildAgent/work/a45bb99c6f82efd7/inplace/mingw/bin/gcc.exe -c -g -O2  conftest.c >&5
configure:6332: $? = 0
configure:6332: result: yes
configure:6345: checking minix/config.h usability
configure:6345: C:/TeamCity/buildAgent/work/a45bb99c6f82efd7/inplace/mingw/bin/gcc.exe -c -g -O2  conftest.c >&5
conftest.c:52:10: fatal error: minix/config.h: No such file or directory
 #include <minix/config.h>
          ^~~~~~~~~~~~~~~~
compilation terminated.
configure:6345: $? = 1
configure: failed program was:
| /* confdefs.h */
| #define PACKAGE_NAME "The Glorious Glasgow Haskell Compilation System"
| #define PACKAGE_TARNAME "ghc-8.9.0"
| #define PACKAGE_VERSION "8.9.0"
| #define PACKAGE_STRING "The Glorious Glasgow Haskell Compilation System 8.9.0"
| #define PACKAGE_BUGREPORT "glasgow-haskell-bugs@haskell.org"
| #define PACKAGE_URL ""
| #define STDC_HEADERS 1
| #define HAVE_SYS_TYPES_H 1
| #define HAVE_SYS_STAT_H 1
| #define HAVE_STDLIB_H 1
| #define HAVE_STRING_H 1
| #define HAVE_MEMORY_H 1
| #define HAVE_STRINGS_H 1
| #define HAVE_INTTYPES_H 1
| #define HAVE_STDINT_H 1
| #define HAVE_UNISTD_H 1
| /* end confdefs.h.  */
| #include <stdio.h>
| #ifdef HAVE_SYS_TYPES_H
| # include <sys/types.h>
| #endif
| #ifdef HAVE_SYS_STAT_H
| # include <sys/stat.h>
| #endif
| #ifdef STDC_HEADERS
| # include <stdlib.h>
| # include <stddef.h>
| #else
| # ifdef HAVE_STDLIB_H
| #  include <stdlib.h>
| # endif
| #endif
| #ifdef HAVE_STRING_H
| # if !defined STDC_HEADERS && defined HAVE_MEMORY_H
| #  include <memory.h>
| # endif
| # include <string.h>
| #endif
| #ifdef HAVE_STRINGS_H
| # include <strings.h>
| #endif
| #ifdef HAVE_INTTYPES_H
| # include <inttypes.h>
| #endif
| #ifdef HAVE_STDINT_H
| # include <stdint.h>
| #endif
| #ifdef HAVE_UNISTD_H
| # include <unistd.h>
| #endif
| #include <minix/config.h>
configure:6345: result: no
configure:6345: checking minix/config.h presence
configure:6345: C:/TeamCity/buildAgent/work/a45bb99c6f82efd7/inplace/mingw/bin/gcc.exe -E  conftest.c
conftest.c:19:10: fatal error: minix/config.h: No such file or directory
 #include <minix/config.h>
          ^~~~~~~~~~~~~~~~
compilation terminated.
configure:6345: $? = 1
configure: failed program was:
| /* confdefs.h */
| #define PACKAGE_NAME "The Glorious Glasgow Haskell Compilation System"
| #define PACKAGE_TARNAME "ghc-8.9.0"
| #define PACKAGE_VERSION "8.9.0"
| #define PACKAGE_STRING "The Glorious Glasgow Haskell Compilation System 8.9.0"
| #define PACKAGE_BUGREPORT "glasgow-haskell-bugs@haskell.org"
| #define PACKAGE_URL ""
| #define STDC_HEADERS 1
| #define HAVE_SYS_TYPES_H 1
| #define HAVE_SYS_STAT_H 1
| #define HAVE_STDLIB_H 1
| #define HAVE_STRING_H 1
| #define HAVE_MEMORY_H 1
| #define HAVE_STRINGS_H 1
| #define HAVE_INTTYPES_H 1
| #define HAVE_STDINT_H 1
| #define HAVE_UNISTD_H 1
| /* end confdefs.h.  */
| #include <minix/config.h>
configure:6345: result: no
configure:6345: checking for minix/config.h
configure:6345: result: no
configure:6366: checking whether it is safe to define __EXTENSIONS__
configure:6384: C:/TeamCity/buildAgent/work/a45bb99c6f82efd7/inplace/mingw/bin/gcc.exe -c -g -O2  conftest.c >&5
configure:6384: $? = 0
configure:6391: result: yes
configure:6411: checking how to run the C preprocessor
configure:6481: result: C:/TeamCity/buildAgent/work/a45bb99c6f82efd7/inplace/mingw/bin/gcc.exe -E
configure:6501: C:/TeamCity/buildAgent/work/a45bb99c6f82efd7/inplace/mingw/bin/gcc.exe -E  conftest.c
configure:6501: $? = 0
configure:6515: C:/TeamCity/buildAgent/work/a45bb99c6f82efd7/inplace/mingw/bin/gcc.exe -E  conftest.c
conftest.c:24:10: fatal error: ac_nonexistent.h: No such file or directory
 #include <ac_nonexistent.h>
          ^~~~~~~~~~~~~~~~~~
compilation terminated.
configure:6515: $? = 1
configure: failed program was:
| /* confdefs.h */
| #define PACKAGE_NAME "The Glorious Glasgow Haskell Compilation System"
| #define PACKAGE_TARNAME "ghc-8.9.0"
| #define PACKAGE_VERSION "8.9.0"
| #define PACKAGE_STRING "The Glorious Glasgow Haskell Compilation System 8.9.0"
| #define PACKAGE_BUGREPORT "glasgow-haskell-bugs@haskell.org"
| #define PACKAGE_URL ""
| #define STDC_HEADERS 1
| #define HAVE_SYS_TYPES_H 1
| #define HAVE_SYS_STAT_H 1
| #define HAVE_STDLIB_H 1
| #define HAVE_STRING_H 1
| #define HAVE_MEMORY_H 1
| #define HAVE_STRINGS_H 1
| #define HAVE_INTTYPES_H 1
| #define HAVE_STDINT_H 1
| #define HAVE_UNISTD_H 1
| #define __EXTENSIONS__ 1
| #define _ALL_SOURCE 1
| #define _GNU_SOURCE 1
| #define _POSIX_PTHREAD_SEMANTICS 1
| #define _TANDEM_SOURCE 1
| /* end confdefs.h.  */
| #include <ac_nonexistent.h>
configure:6657: checking for C:/TeamCity/buildAgent/work/a45bb99c6f82efd7/inplace/mingw/bin/gcc.exe option to accept ISO C99
configure:6806: C:/TeamCity/buildAgent/work/a45bb99c6f82efd7/inplace/mingw/bin/gcc.exe  -c -g -O2  conftest.c >&5
configure:6806: $? = 0
configure:6819: result: none needed
configure:6858: checking for C:\\ghc-dev\\msys64\\mingw64\\lib/../mingw/bin/gcc.exe option to accept ISO C99
configure:7007: C:\\ghc-dev\\msys64\\mingw64\\lib/../mingw/bin/gcc.exe  -c   conftest.c >&5
configure:7007: $? = 0
configure:7020: result: none needed
configure:7059: checking for C:/TeamCity/buildAgent/work/a45bb99c6f82efd7/inplace/mingw/bin/gcc.exe option to accept ISO C99
configure:7208: C:/TeamCity/buildAgent/work/a45bb99c6f82efd7/inplace/mingw/bin/gcc.exe  -c   conftest.c >&5
configure:7208: $? = 0
configure:7221: result: none needed
configure:7260: checking for C:/TeamCity/buildAgent/work/a45bb99c6f82efd7/inplace/mingw/bin/gcc.exe option to accept ISO C99
configure:7409: C:/TeamCity/buildAgent/work/a45bb99c6f82efd7/inplace/mingw/bin/gcc.exe  -c   conftest.c >&5
configure:7409: $? = 0
configure:7422: result: none needed
configure:7468: checking for -ld
configure:7495: result: C:/TeamCity/buildAgent/work/a45bb99c6f82efd7/inplace/mingw/bin/ld.exe
configure:8128: checking whether ld is GNU ld
configure:8139: result: YES
configure:8145: checking whether ld understands --build-id
configure:8159: result: yes
configure:8169: checking whether ld understands -no_compact_unwind
configure:8183: result: yes
configure:8193: checking whether ld understands -filelist
configure:8214: result: no
configure:8348: checking for -objdump
configure:8375: result: C:/TeamCity/buildAgent/work/a45bb99c6f82efd7/inplace/mingw/bin/objdump.exe
configure:8479: checking for ranlib
configure:8506: result: C:/TeamCity/buildAgent/work/a45bb99c6f82efd7/inplace/mingw/bin/ranlib.exe
configure:8536: checking for -strip
configure:8566: result: no
configure:8629: checking for libtool
configure:8647: found /usr/bin/libtool
configure:8659: result: /usr/bin/libtool
configure:8773: checking for -clang
configure:8803: result: no
configure:8910: checking for llc-7.0
configure:8940: result: no
configure:8910: checking for llc
configure:8940: result: no
configure:9031: checking for opt-7.0
configure:9061: result: no
configure:9031: checking for opt
configure:9061: result: no
configure:9101: Creating links for in-tree file handling routines.
configure:9108: Routines in place. Packages can now be build normally.
configure:9120: checking whether #! works in shell scripts
configure:9137: result: yes
configure:9148: checking version of gcc
configure:9205: result: 7.2.0
configure:9214: checking whether GCC supports -no-pie
configure:9220: result: yes
configure:9232: checking whether GCC supports __atomic_ builtins
configure:9237: result: yes
configure:9251: checking for extra options to pass gcc when compiling via C
configure:9305: result:  -fwrapv -fno-builtin
configure:9312: checking whether C compiler is clang
configure:9324: result: no
configure:9326: checking whether C compiler has an LLVM back end
configure:9340: result: no
configure:9350: checking Setting up CFLAGS, LDFLAGS, IGNORE_LINKER_LD_FLAGS and CPPFLAGS
configure:9429: result: done
configure:9433: checking Setting up CONF_CC_OPTS_STAGE0, CONF_GCC_LINKER_OPTS_STAGE0, CONF_LD_LINKER_OPTS_STAGE0 and CONF_CPP_OPTS_STAGE0
configure:9512: result: done
configure:9516: checking Setting up CONF_CC_OPTS_STAGE1, CONF_GCC_LINKER_OPTS_STAGE1, CONF_LD_LINKER_OPTS_STAGE1 and CONF_CPP_OPTS_STAGE1
configure:9595: result: done
configure:9599: checking Setting up CONF_CC_OPTS_STAGE2, CONF_GCC_LINKER_OPTS_STAGE2, CONF_LD_LINKER_OPTS_STAGE2 and CONF_CPP_OPTS_STAGE2
configure:9678: result: done
configure:9970: checking for .subsections_via_symbols
configure:9983: C:/TeamCity/buildAgent/work/a45bb99c6f82efd7/inplace/mingw/bin/gcc.exe -o conftest.exe -g -O2    conftest.c  >&5
C:\ghc-dev\msys64\tmp\ccDADjYt.s: Assembler messages:
C:\ghc-dev\msys64\tmp\ccDADjYt.s:26: Error: unknown pseudo-op: `.subsections_via_symbols'
configure:9983: $? = 1
configure: failed program was:
| /* confdefs.h */
| #define PACKAGE_NAME "The Glorious Glasgow Haskell Compilation System"
| #define PACKAGE_TARNAME "ghc-8.9.0"
| #define PACKAGE_VERSION "8.9.0"
| #define PACKAGE_STRING "The Glorious Glasgow Haskell Compilation System 8.9.0"
| #define PACKAGE_BUGREPORT "glasgow-haskell-bugs@haskell.org"
| #define PACKAGE_URL ""
| #define STDC_HEADERS 1
| #define HAVE_SYS_TYPES_H 1
| #define HAVE_SYS_STAT_H 1
| #define HAVE_STDLIB_H 1
| #define HAVE_STRING_H 1
| #define HAVE_MEMORY_H 1
| #define HAVE_STRINGS_H 1
| #define HAVE_INTTYPES_H 1
| #define HAVE_STDINT_H 1
| #define HAVE_UNISTD_H 1
| #define __EXTENSIONS__ 1
| #define _ALL_SOURCE 1
| #define _GNU_SOURCE 1
| #define _POSIX_PTHREAD_SEMANTICS 1
| #define _TANDEM_SOURCE 1
| #define sUPPORTED_LLVM_VERSION (7,0)
| #define HAVE_C11_ATOMICS $CONF_GCC_SUPPORTS__ATOMICS
| /* end confdefs.h.  */
| 
| int
| main ()
| {
| __asm__ (".subsections_via_symbols");
|   ;
|   return 0;
| }
configure:9993: result: no
configure:10000: checking whether your assembler supports .ident directive
configure:10013: C:/TeamCity/buildAgent/work/a45bb99c6f82efd7/inplace/mingw/bin/gcc.exe -o conftest.exe -g -O2    conftest.c  >&5
configure:10013: $? = 0
configure:10014: result: yes
configure:10036: checking for GNU non-executable stack support
configure:10052: C:/TeamCity/buildAgent/work/a45bb99c6f82efd7/inplace/mingw/bin/gcc.exe -o conftest.exe    conftest.c  >&5
C:\ghc-dev\msys64\tmp\ccVXP1m8.s: Assembler messages:
C:\ghc-dev\msys64\tmp\ccVXP1m8.s:3: Error: junk at end of line, first unrecognized character is `-'
configure:10052: $? = 1
configure: failed program was:
| /* confdefs.h */
| #define PACKAGE_NAME "The Glorious Glasgow Haskell Compilation System"
| #define PACKAGE_TARNAME "ghc-8.9.0"
| #define PACKAGE_VERSION "8.9.0"
| #define PACKAGE_STRING "The Glorious Glasgow Haskell Compilation System 8.9.0"
| #define PACKAGE_BUGREPORT "glasgow-haskell-bugs@haskell.org"
| #define PACKAGE_URL ""
| #define STDC_HEADERS 1
| #define HAVE_SYS_TYPES_H 1
| #define HAVE_SYS_STAT_H 1
| #define HAVE_STDLIB_H 1
| #define HAVE_STRING_H 1
| #define HAVE_MEMORY_H 1
| #define HAVE_STRINGS_H 1
| #define HAVE_INTTYPES_H 1
| #define HAVE_STDINT_H 1
| #define HAVE_UNISTD_H 1
| #define __EXTENSIONS__ 1
| #define _ALL_SOURCE 1
| #define _GNU_SOURCE 1
| #define _POSIX_PTHREAD_SEMANTICS 1
| #define _TANDEM_SOURCE 1
| #define sUPPORTED_LLVM_VERSION (7,0)
| #define HAVE_C11_ATOMICS $CONF_GCC_SUPPORTS__ATOMICS
| /* end confdefs.h.  */
| 
|            __asm__ (".section .note.GNU-stack,\"\",@progbits");
|            __asm__ (".section .text");
| 
| int
| main ()
| {
| 0
|   ;
|   return 0;
| }
configure:10057: result: no
configure:10084: checking for a working context diff
configure:10100: result: diff -U 1
configure:10124: checking for a BSD-compatible install
configure:10192: result: /usr/bin/install -c
configure:10342: checking whether C:/TeamCity/buildAgent/work/a45bb99c6f82efd7/inplace/mingw/bin/ar.exe is GNU ar
configure:10353: result: yes
configure:10360: checking for ar arguments
configure:10390: result: q
configure:10401: checking whether C:/TeamCity/buildAgent/work/a45bb99c6f82efd7/inplace/mingw/bin/ar.exe supports @file
configure:10421: result: yes
configure:10475: checking for ranlib
configure:10502: result: C:/TeamCity/buildAgent/work/a45bb99c6f82efd7/inplace/mingw/bin/ranlib.exe
configure:10563: checking whether ln -s works
configure:10570: result: no, using cp -pR
configure:10671: checking for gsed
configure:10704: result: no
configure:10671: checking for sed
configure:10689: found /usr/bin/sed
configure:10701: result: /usr/bin/sed
configure:10717: checking for time
configure:10735: found /usr/bin/time
configure:10747: result: /usr/bin/time
configure:10760: checking for gnutar
configure:10793: result: no
configure:10760: checking for gtar
configure:10793: result: no
configure:10760: checking for tar
configure:10778: found /usr/bin/tar
configure:10790: result: /usr/bin/tar
configure:10807: checking for bzip2
configure:10825: found /mingw64/bin/bzip2
configure:10837: result: /mingw64/bin/bzip2
configure:10853: checking for gzip
configure:10871: found /usr/bin/gzip
configure:10883: result: /usr/bin/gzip
configure:10899: checking for pxz
configure:10932: result: no
configure:10899: checking for xz
configure:10917: found /mingw64/bin/xz
configure:10929: result: /mingw64/bin/xz
configure:10946: checking for gpatch
configure:10979: result: no
configure:10946: checking for patch
configure:10964: found /usr/bin/patch
configure:10976: result: /usr/bin/patch
configure:10991: checking for autoreconf
configure:11009: found /usr/bin/autoreconf
configure:11022: result: /usr/bin/autoreconf
configure:11044: checking for dtrace
configure:11077: result: no
configure:11095: checking for HsColour
configure:11113: found /usr/local/bin/HsColour
configure:11125: result: /usr/local/bin/HsColour
configure:11144: checking for sphinx-build
configure:11162: found /mingw64/bin/sphinx-build
configure:11174: result: /mingw64/bin/sphinx-build
configure:11182: checking for version of sphinx-build
configure:11192: result: Sphinx (sphinx-build) 1.5
configure:11221: checking for xelatex
configure:11254: result: no
configure:11260: checking for ghc-pkg matching /mingw64/bin/ghc
configure:11278: result: /mingw64/bin/ghc-pkg
configure:11288: checking for happy
configure:11306: found /usr/local/bin/happy
configure:11318: result: /usr/local/bin/happy
configure:11328: checking for version of happy
configure:11342: result: 1.19.5
configure:11367: error: Happy version 1.19.10 or later is required to compile GHC.

## ---------------- ##
## Cache variables. ##
## ---------------- ##

ac_cv_build=x86_64-w64-mingw32
ac_cv_c_compiler_gnu=yes
ac_cv_env_ALEX_set=
ac_cv_env_ALEX_value=
ac_cv_env_CC_STAGE0_set=
ac_cv_env_CC_STAGE0_value=
ac_cv_env_CC_set=
ac_cv_env_CC_value=
ac_cv_env_CFLAGS_set=
ac_cv_env_CFLAGS_value=
ac_cv_env_CLANG_set=
ac_cv_env_CLANG_value=
ac_cv_env_CPPFLAGS_set=
ac_cv_env_CPPFLAGS_value=
ac_cv_env_CPP_set=
ac_cv_env_CPP_value=
ac_cv_env_GHC_set=
ac_cv_env_GHC_value=
ac_cv_env_HAPPY_set=
ac_cv_env_HAPPY_value=
ac_cv_env_LDFLAGS_set=
ac_cv_env_LDFLAGS_value=
ac_cv_env_LD_set=
ac_cv_env_LD_value=
ac_cv_env_LIBS_set=
ac_cv_env_LIBS_value=
ac_cv_env_LLC_set=
ac_cv_env_LLC_value=
ac_cv_env_OPT_set=
ac_cv_env_OPT_value=
ac_cv_env_build_alias_set=
ac_cv_env_build_alias_value=
ac_cv_env_host_alias_set=
ac_cv_env_host_alias_value=
ac_cv_env_target_alias_set=
ac_cv_env_target_alias_value=
ac_cv_exeext=.exe
ac_cv_header_inttypes_h=yes
ac_cv_header_memory_h=yes
ac_cv_header_minix_config_h=no
ac_cv_header_stdc=yes
ac_cv_header_stdint_h=yes
ac_cv_header_stdlib_h=yes
ac_cv_header_string_h=yes
ac_cv_header_strings_h=yes
ac_cv_header_sys_stat_h=yes
ac_cv_header_sys_types_h=yes
ac_cv_header_unistd_h=yes
ac_cv_host=x86_64-w64-mingw32
ac_cv_objext=o
ac_cv_path_AutoreconfCmd=/usr/bin/autoreconf
ac_cv_path_Bzip2Cmd=/mingw64/bin/bzip2
ac_cv_path_EGREP='/usr/bin/grep -E'
ac_cv_path_GHC=/mingw64/bin/ghc
ac_cv_path_GREP=/usr/bin/grep
ac_cv_path_GzipCmd=/usr/bin/gzip
ac_cv_path_HAPPY=/usr/local/bin/happy
ac_cv_path_HSCOLOUR=/usr/local/bin/HsColour
ac_cv_path_LIBTOOL=/usr/bin/libtool
ac_cv_path_PatchCmd=/usr/bin/patch
ac_cv_path_SPHINXBUILD=/mingw64/bin/sphinx-build
ac_cv_path_SedCmd=/usr/bin/sed
ac_cv_path_TarCmd=/usr/bin/tar
ac_cv_path_TimeCmd=/usr/bin/time
ac_cv_path_XzCmd=/mingw64/bin/xz
ac_cv_path_fp_prog_find=/usr/bin/find
ac_cv_path_fp_prog_sort=/usr/bin/sort
ac_cv_path_install='/usr/bin/install -c'
ac_cv_prog_CPP='C:/TeamCity/buildAgent/work/a45bb99c6f82efd7/inplace/mingw/bin/gcc.exe -E'
ac_cv_prog_LD=C:/TeamCity/buildAgent/work/a45bb99c6f82efd7/inplace/mingw/bin/ld.exe
ac_cv_prog_OBJDUMP=C:/TeamCity/buildAgent/work/a45bb99c6f82efd7/inplace/mingw/bin/objdump.exe
ac_cv_prog_ac_ct_RANLIB=C:/TeamCity/buildAgent/work/a45bb99c6f82efd7/inplace/mingw/bin/ranlib.exe
ac_cv_prog_cc_c89=
ac_cv_prog_cc_g=yes
ac_cv_safe_to_define___extensions__=yes
ac_cv_sys_interpreter=yes
ac_cv_target=x86_64-w64-mingw32
fp_cv_context_diff='diff -U 1'
fp_cv_gcc_extra_opts=' -fwrapv -fno-builtin'
fp_cv_gcc_version=7.2.0
fp_cv_gnu_ld=YES
fp_cv_ld_build_id=yes
fp_cv_ld_has_filelist=no
fp_cv_ld_no_compact_unwind=yes
fp_cv_matching_ghc_pkg=/mingw64/bin/ghc-pkg
fp_cv_prog_ar_args=q
fp_cv_prog_ar_is_gnu=yes
fp_cv_prog_ar_needs_ranlib=no
fp_cv_prog_ar_supports_atfile=yes
fp_cv_sphinx_version='Sphinx (sphinx-build) 1.5'
fptools_cv_happy_version=1.19.5

## ----------------- ##
## Output variables. ##
## ----------------- ##

ALEX=''
ALLOCA=''
AR=''
ARM_ISA=''
AR_OPTS_STAGE0='q'
AR_STAGE0='C:\\ghc-dev\\msys64\\mingw64\\lib/../mingw/bin/ar.exe'
AS=''
AlexCmd=''
AlexVersion=''
ArArgs='q'
ArCmd='C:/TeamCity/buildAgent/work/a45bb99c6f82efd7/inplace/mingw/bin/ar.exe'
ArIsGNUAr='YES'
ArSupportsAtFile='YES'
ArSupportsAtFile_STAGE0='YES'
AutoreconfCmd='/usr/bin/autoreconf'
BUILD_MAN=''
BUILD_SPHINX_HTML=''
BUILD_SPHINX_PDF=''
BuildArch_CPP='x86_64'
BuildOS_CPP='mingw32'
BuildPlatform='x86_64-unknown-mingw32'
BuildPlatform_CPP='x86_64_unknown_mingw32'
BuildVendor_CPP='unknown'
Bzip2Cmd='/mingw64/bin/bzip2'
CC='C:/TeamCity/buildAgent/work/a45bb99c6f82efd7/inplace/mingw/bin/gcc.exe'
CC_CLANG_BACKEND='0'
CC_LLVM_BACKEND='0'
CC_STAGE0='C:\\ghc-dev\\msys64\\mingw64\\lib/../mingw/bin/gcc.exe'
CFLAGS='-g -O2 '
CLANG=''
CONFIGURE_ARGS=' '\''--prefix=/c/TeamCity/buildAgent/work/a45bb99c6f82efd7/inst'\'' '\''--enable-tarballs-autodownload'\'''
CONF_CC_OPTS_STAGE0=''
CONF_CC_OPTS_STAGE1=''
CONF_CC_OPTS_STAGE2=''
CONF_CPP_OPTS_STAGE0=''
CONF_CPP_OPTS_STAGE1=''
CONF_CPP_OPTS_STAGE2=''
CONF_GCC_LINKER_OPTS_STAGE0=''
CONF_GCC_LINKER_OPTS_STAGE1=' '
CONF_GCC_LINKER_OPTS_STAGE2=' '
CONF_HC_OPTS_STAGE0=''
CONF_HC_OPTS_STAGE1=''
CONF_HC_OPTS_STAGE2=''
CONF_LD_LINKER_OPTS_STAGE0=''
CONF_LD_LINKER_OPTS_STAGE1=''
CONF_LD_LINKER_OPTS_STAGE2=''
CPP='C:/TeamCity/buildAgent/work/a45bb99c6f82efd7/inplace/mingw/bin/gcc.exe -E'
CPPFLAGS=''
CURSES_INCLUDE_DIRS=''
CURSES_LIB_DIRS=''
Cabal64bit=''
CabalHaveLibNuma=''
CabalHaveLibbfd=''
CabalHaveLibdl=''
CabalHaveLibdw=''
CabalHaveLibffi=''
CabalHaveLibm=''
CabalHaveLibrt=''
CabalLeadingUnderscore=''
CabalMingwex=''
CabalNeedLibpthread=''
ClangCmd=''
ContextDiffCmd='diff -U 1'
CrossCompilePrefix=''
CrossCompiling='NO'
DEFS=''
DllWrap=''
DllWrapCmd=''
DtraceCmd=''
ECHO_C=''
ECHO_N='-n'
ECHO_T=''
EGREP='/usr/bin/grep -E'
EXEEXT='.exe'
EnableDistroToolchain='NO'
FFIIncludeDir=''
FFILibDir=''
FindCmd='/usr/bin/find'
GHC='/mingw64/bin/ghc'
GHC_PACKAGE_DB_FLAG='package-db'
GMP_FORCE_INTREE='NO'
GMP_INCLUDE_DIRS=''
GMP_LIB_DIRS=''
GMP_PREFER_FRAMEWORK='NO'
GREP='/usr/bin/grep'
GccExtraViaCOpts=' -fwrapv -fno-builtin'
GccIsClang=''
GccLT46='NO'
GccVersion='7.2.0'
Genlib=''
GenlibCmd=''
GhcLibsWithUnix='NO'
GhcMajVersion='8'
GhcMinVersion='4'
GhcPatchLevel='3'
GhcPkgCmd='/mingw64/bin/ghc-pkg'
GhcVersion='8.4.3'
GzipCmd='/usr/bin/gzip'
HAPPY='/usr/local/bin/happy'
HAVE_GENLIB='False'
HSCOLOUR='/usr/local/bin/HsColour'
HappyCmd='/usr/local/bin/happy'
HappyVersion=''
HaskellCPPArgs='-E -undef -traditional'
HaskellCPPCmd='C:/TeamCity/buildAgent/work/a45bb99c6f82efd7/inplace/mingw/bin/gcc.exe'
HaskellHaveGnuNonexecStack='False'
HaskellHaveIdentDirective='True'
HaskellHaveRTSLinker='YES'
HaskellHaveSubsectionsViaSymbols='False'
HaskellTargetArch='ArchX86_64'
HaskellTargetOs='OSMinGW32'
HaveDtrace='NO'
HaveLibMingwEx=''
HostArch_CPP='x86_64'
HostOS_CPP='mingw32'
HostPlatform='x86_64-unknown-mingw32'
HostPlatform_CPP='x86_64_unknown_mingw32'
HostVendor_CPP='unknown'
ICONV_INCLUDE_DIRS=''
ICONV_LIB_DIRS=''
INSTALL_DATA='${INSTALL} -m 644'
INSTALL_PROGRAM='${INSTALL}'
INSTALL_SCRIPT='${INSTALL}'
LD='C:/TeamCity/buildAgent/work/a45bb99c6f82efd7/inplace/mingw/bin/ld.exe'
LDFLAGS=''
LD_STAGE0='C:\\ghc-dev\\msys64\\mingw64\\lib/../mingw/bin/ld.exe'
LIBOBJS=''
LIBRARY_Cabal_VERSION=''
LIBRARY_base_VERSION=''
LIBRARY_ghc_VERSION=''
LIBRARY_ghc_compact_VERSION=''
LIBRARY_ghc_prim_VERSION=''
LIBS=''
LIBTOOL='/usr/bin/libtool'
LLC=''
LLVMTarget_CPP='x86_64-unknown-windows'
LN_S='cp -pR'
LTLIBOBJS=''
LdCmd='C:/TeamCity/buildAgent/work/a45bb99c6f82efd7/inplace/mingw/bin/ld.exe'
LdHasBuildId='YES'
LdHasFilelist='NO'
LdHasNoCompactUnwind='YES'
LdIsGNULd='YES'
LdNoGoldCmd='C:/TeamCity/buildAgent/work/a45bb99c6f82efd7/inplace/mingw/bin/ld.exe'
LeadingUnderscore=''
LibtoolCmd='C:/ghc-dev/msys64/usr/bin/libtool'
LlcCmd=''
LlvmVersion='7.0'
MakeCmd=''
NM='C:/TeamCity/buildAgent/work/a45bb99c6f82efd7/inplace/mingw/bin/nm.exe'
NmCmd='C:/TeamCity/buildAgent/work/a45bb99c6f82efd7/inplace/mingw/bin/nm.exe'
OBJDUMP='C:/TeamCity/buildAgent/work/a45bb99c6f82efd7/inplace/mingw/bin/objdump.exe'
OBJEXT='o'
OPT=''
OSTYPE='msys'
ObjdumpCmd='C:/TeamCity/buildAgent/work/a45bb99c6f82efd7/inplace/mingw/bin/objdump.exe'
OptCmd=''
PACKAGE_BUGREPORT='glasgow-haskell-bugs@haskell.org'
PACKAGE_NAME='The Glorious Glasgow Haskell Compilation System'
PACKAGE_STRING='The Glorious Glasgow Haskell Compilation System 8.9.0'
PACKAGE_TARNAME='ghc-8.9.0'
PACKAGE_URL=''
PACKAGE_VERSION='8.9.0.20190530'
PATH_SEPARATOR=':'
PatchCmd='/usr/bin/patch'
ProjectGitCommitId='424e85b2e1fc0f81504fcc2ee2d6c8ffe7e064e9'
ProjectName='The Glorious Glasgow Haskell Compilation System'
ProjectPatchLevel1='0'
ProjectPatchLevel2='20190530'
ProjectPatchLevel='020190530'
ProjectVersion='8.9.0.20190530'
ProjectVersionInt='809'
ProjectVersionMunged='8.9.0.20190530'
RANLIB='C:/TeamCity/buildAgent/work/a45bb99c6f82efd7/inplace/mingw/bin/ranlib.exe'
RANLIB_CMD='true'
READELF=''
REAL_RANLIB_CMD='C:/TeamCity/buildAgent/work/a45bb99c6f82efd7/inplace/mingw/bin/ranlib.exe'
RanlibCmd='C:/TeamCity/buildAgent/work/a45bb99c6f82efd7/inplace/mingw/bin/ranlib.exe'
SHELL='/bin/sh'
SOLARIS_BROKEN_SHLD='NO'
SPHINXBUILD='/mingw64/bin/sphinx-build'
STRIP=''
SedCmd='/usr/bin/sed'
SettingsArCommand='$$tooldir/mingw/bin/ar.exe'
SettingsCCompilerCommand='$$tooldir/mingw/bin/gcc.exe'
SettingsCCompilerFlags=''
SettingsCCompilerLinkFlags=' '
SettingsCCompilerSupportsNoPie='YES'
SettingsClangCommand='clang'
SettingsDllWrapCommand='$$tooldir/mingw/bin/dllwrap.exe'
SettingsHaskellCPPCommand='$$tooldir/mingw/bin/gcc.exe'
SettingsHaskellCPPFlags='-E -undef -traditional'
SettingsLdCommand='$$tooldir/mingw/bin/ld.exe'
SettingsLdFlags=''
SettingsLibtoolCommand='C:/ghc-dev/msys64/usr/bin/libtool'
SettingsLlcCommand='llc'
SettingsOptCommand='opt'
SettingsRanlibCommand='$$tooldir/mingw/bin/ranlib.exe'
SettingsTouchCommand='$$topdir/bin/touchy.exe'
SettingsWindresCommand='$$tooldir/mingw/bin/windres.exe'
SortCmd='/usr/bin/sort'
StripCmd=''
TarCmd='/usr/bin/tar'
TargetArch_CPP='x86_64'
TargetOS_CPP='mingw32'
TargetPlatform='x86_64-unknown-mingw32'
TargetPlatformFull='x86_64-unknown-mingw32'
TargetPlatform_CPP='x86_64_unknown_mingw32'
TargetVendor_CPP='unknown'
TargetWordSize=''
TimeCmd='/usr/bin/time'
TmpLd=''
Unregisterised='NO'
UseLibdw=''
UseSystemLibFFI=''
Windres=''
WindresCmd=''
WithGhc='/mingw64/bin/ghc'
XELATEX=''
XzCmd='/mingw64/bin/xz'
ac_ct_CC=''
ac_ct_LLC=''
ac_ct_OPT=''
bindir='${exec_prefix}/bin'
build='x86_64-w64-mingw32'
build_alias='x86_64-w64-mingw32'
build_cpu='x86_64'
build_os='mingw32'
build_vendor='w64'
datadir='${datarootdir}'
datarootdir='${prefix}/share'
docdir='${datarootdir}/doc/${PACKAGE_TARNAME}'
dvidir='${docdir}'
exec_prefix='NONE'
exeext_host='.exe'
exeext_target='.exe'
fp_prog_ar='C:/TeamCity/buildAgent/work/a45bb99c6f82efd7/inplace/mingw/bin/ar.exe'
fp_prog_find='/usr/bin/find'
fp_prog_sort='/usr/bin/sort'
hardtop='C:/TeamCity/buildAgent/work/a45bb99c6f82efd7'
host='x86_64-unknown-mingw32'
host_alias=''
host_cpu='x86_64'
host_os='mingw32'
host_vendor='w64'
htmldir='${docdir}'
includedir='${prefix}/include'
infodir='${datarootdir}/info'
libdir='${exec_prefix}/lib'
libexecdir='${exec_prefix}/libexec'
localedir='${datarootdir}/locale'
localstatedir='${prefix}/var'
mandir='${datarootdir}/man'
oldincludedir='/usr/include'
pdfdir='${docdir}'
prefix='/c/TeamCity/buildAgent/work/a45bb99c6f82efd7/inst'
program_transform_name='s,x,x,'
psdir='${docdir}'
release='1'
sbindir='${exec_prefix}/sbin'
sharedstatedir='${prefix}/com'
soext_host='.dll'
soext_target='.dll'
sysconfdir='${prefix}/etc'
target='x86_64-unknown-mingw32'
target_alias=''
target_cpu='x86_64'
target_os='mingw32'
target_vendor='w64'

## ----------- ##
## confdefs.h. ##
## ----------- ##

/* confdefs.h */
#define PACKAGE_NAME "The Glorious Glasgow Haskell Compilation System"
#define PACKAGE_TARNAME "ghc-8.9.0"
#define PACKAGE_VERSION "8.9.0"
#define PACKAGE_STRING "The Glorious Glasgow Haskell Compilation System 8.9.0"
#define PACKAGE_BUGREPORT "glasgow-haskell-bugs@haskell.org"
#define PACKAGE_URL ""
#define STDC_HEADERS 1
#define HAVE_SYS_TYPES_H 1
#define HAVE_SYS_STAT_H 1
#define HAVE_STDLIB_H 1
#define HAVE_STRING_H 1
#define HAVE_MEMORY_H 1
#define HAVE_STRINGS_H 1
#define HAVE_INTTYPES_H 1
#define HAVE_STDINT_H 1
#define HAVE_UNISTD_H 1
#define __EXTENSIONS__ 1
#define _ALL_SOURCE 1
#define _GNU_SOURCE 1
#define _POSIX_PTHREAD_SEMANTICS 1
#define _TANDEM_SOURCE 1
#define sUPPORTED_LLVM_VERSION (7,0)
#define HAVE_C11_ATOMICS $CONF_GCC_SUPPORTS__ATOMICS

configure: exit 1
