This file contains any messages produced by compilers while
running configure, to aid debugging if configure makes a mistake.

It was created by The Glorious Glasgow Haskell Compilation System configure 8.3, which was
generated by GNU Autoconf 2.69.  Invocation command line was

  $ ./configure --prefix=/c/TeamCity/buildAgent/work/28754042a1be6052/inst --enable-tarballs-autodownload

## --------- ##
## Platform. ##
## --------- ##

hostname = EXIA
uname -m = x86_64
uname -r = 2.7.0(0.306/5/3)
uname -s = MINGW64_NT-6.3
uname -v = 2017-02-14 08:57

/usr/bin/uname -p = unknown
/bin/uname -X     = unknown

/bin/arch              = x86_64
/usr/bin/arch -k       = unknown
/usr/convex/getsysinfo = unknown
/usr/bin/hostinfo      = unknown
/bin/machine           = unknown
/usr/bin/oslevel       = unknown
/bin/universe          = unknown

PATH: /mingw64/bin
PATH: /mingw64/bin
PATH: /usr/local/bin
PATH: /usr/bin
PATH: /bin
PATH: /c/Windows/System32
PATH: /c/Windows
PATH: /c/Windows/System32/Wbem
PATH: /c/Windows/System32/WindowsPowerShell/v1.0/
PATH: /usr/bin/site_perl
PATH: /usr/bin/vendor_perl
PATH: /usr/bin/core_perl


## ----------- ##
## Core tests. ##
## ----------- ##

configure:2555: loading site script /mingw64/etc/config.site
| # This file is in public domain.
| # Original author: Karlson2k (Evgeny Grin)
| # Written for MSys2/MinGW64 to help running 'configure' scripts
| 
| # Defaults for MinGW64-targeted programs
| 
| # Set proper selfname on bash and fallback to default name on other shells
| test -n "${BASH_SOURCE}" 2>/dev/null && config_site_me="${BASH_SOURCE[0]##*/}" || config_site_me=config.site
| 
| # Set default 'host' to speedup configure
| if test -z "$build_alias"; then
|   build_alias="${MSYSTEM_CHOST-x86_64-w64-mingw32}" && \
|     $as_echo "$config_site_me:${as_lineno-$LINENO}: default build_alias set to $build_alias" >&5 
| fi
| 
| # Set default 'prefix' to "/mingw64"
| if ( test -z "$prefix" || test "x$prefix" = "xNONE" ) && \
|    ( test -z "$exec_prefix" || test "x$exec_prefix" = "xNONE" ); then
|   prefix="${MSYSTEM_PREFIX-/mingw64}" && \
|     $as_echo "$config_site_me:${as_lineno-$LINENO}: default prefix set to $prefix" >&5
| fi
config.site:13: default build_alias set to x86_64-w64-mingw32
configure:2678: checking for gfind
configure:2711: result: no
configure:2678: checking for find
configure:2696: found /usr/bin/find
configure:2708: result: /usr/bin/find
configure:2788: checking for sort
configure:2806: found /usr/bin/sort
configure:2818: result: /usr/bin/sort
configure:2895: checking for GHC version date
configure:2908: result: inferred 8.3.20170803
configure:2921: checking for GHC Git commit id
configure:2929: result: inferred 884bd21a917f607b5a44e038e06f78d0b765ea63
configure:3027: checking for ghc
configure:3045: found /mingw64/bin/ghc
configure:3057: result: /mingw64/bin/ghc
configure:3106: checking version of ghc
The Glorious Glasgow Haskell Compilation System, version 7.10.3
configure:3135: result: 7.10.3
configure:3226: error: GHC version 8.0 or later is required to compile GHC.

## ---------------- ##
## Cache variables. ##
## ---------------- ##

ac_cv_env_CC_STAGE0_set=
ac_cv_env_CC_STAGE0_value=
ac_cv_env_CC_set=
ac_cv_env_CC_value=
ac_cv_env_CFLAGS_set=
ac_cv_env_CFLAGS_value=
ac_cv_env_CPPFLAGS_set=
ac_cv_env_CPPFLAGS_value=
ac_cv_env_CPP_set=
ac_cv_env_CPP_value=
ac_cv_env_LDFLAGS_set=
ac_cv_env_LDFLAGS_value=
ac_cv_env_LIBS_set=
ac_cv_env_LIBS_value=
ac_cv_env_build_alias_set=
ac_cv_env_build_alias_value=
ac_cv_env_host_alias_set=
ac_cv_env_host_alias_value=
ac_cv_env_target_alias_set=
ac_cv_env_target_alias_value=
ac_cv_path_GHC=/mingw64/bin/ghc
ac_cv_path_fp_prog_find=/usr/bin/find
ac_cv_path_fp_prog_sort=/usr/bin/sort

## ----------------- ##
## Output variables. ##
## ----------------- ##

ALLOCA=''
AR=''
ARM_ISA=''
AR_OPTS_STAGE0='q'
AR_STAGE0='C:/ghc-dev/msys64/mingw64/lib/../mingw/bin/ar.exe'
AS=''
Alex3=''
AlexCmd=''
AlexVersion=''
ArArgs=''
ArCmd=''
ArIsGNUAr=''
ArSupportsAtFile=''
ArSupportsAtFile_STAGE0='YES'
BUILD_MAN=''
BUILD_SPHINX_HTML=''
BUILD_SPHINX_PDF=''
BuildArch_CPP=''
BuildOS_CPP=''
BuildPlatform=''
BuildPlatform_CPP=''
BuildVendor_CPP=''
Bzip2Cmd=''
CC=''
CC_CLANG_BACKEND=''
CC_LLVM_BACKEND=''
CC_STAGE0='C:/ghc-dev/msys64/mingw64/lib/../mingw/bin/gcc.exe'
CFLAGS=''
CONFIGURE_ARGS=' '\''--prefix=/c/TeamCity/buildAgent/work/28754042a1be6052/inst'\'' '\''--enable-tarballs-autodownload'\'''
CONF_CC_OPTS_STAGE0=''
CONF_CC_OPTS_STAGE1=''
CONF_CC_OPTS_STAGE2=''
CONF_CPP_OPTS_STAGE0=''
CONF_CPP_OPTS_STAGE1=''
CONF_CPP_OPTS_STAGE2=''
CONF_GCC_LINKER_OPTS_STAGE0=''
CONF_GCC_LINKER_OPTS_STAGE1=''
CONF_GCC_LINKER_OPTS_STAGE2=''
CONF_HC_OPTS_STAGE0=''
CONF_HC_OPTS_STAGE1=''
CONF_HC_OPTS_STAGE2=''
CONF_LD_LINKER_OPTS_STAGE0=''
CONF_LD_LINKER_OPTS_STAGE1=''
CONF_LD_LINKER_OPTS_STAGE2=''
CPP=''
CPPFLAGS=''
CURSES_INCLUDE_DIRS=''
CURSES_LIB_DIRS=''
ContextDiffCmd=''
CrossCompilePrefix=''
CrossCompiling=''
DEFS=''
DllWrap=''
DllWrapCmd=''
DtraceCmd=''
ECHO_C=''
ECHO_N='-n'
ECHO_T=''
EGREP=''
EXEEXT=''
EnableDistroToolchain='NO'
FFIIncludeDir=''
FFILibDir=''
FindCmd='/usr/bin/find'
GHC='/mingw64/bin/ghc'
GHC_PACKAGE_DB_FLAG=''
GMP_INCLUDE_DIRS=''
GMP_LIB_DIRS=''
GREP=''
GccExtraViaCOpts=''
GccIsClang=''
GccLT34=''
GccLT44=''
GccLT46=''
GccVersion=''
GhcLibsWithUnix=''
GhcMajVersion='7'
GhcMinVersion='10'
GhcPatchLevel='3'
GhcPkgCmd=''
GhcVersion='7.10.3'
GzipCmd=''
HSCOLOUR=''
HappyCmd=''
HappyVersion=''
HaskellCPPArgs=''
HaskellCPPCmd=''
HaskellHaveGnuNonexecStack=''
HaskellHaveIdentDirective=''
HaskellHaveRTSLinker=''
HaskellHaveSubsectionsViaSymbols=''
HaskellTargetArch=''
HaskellTargetOs=''
HaveDtrace=''
HaveLibMingwEx=''
HostArch_CPP=''
HostOS_CPP=''
HostPlatform=''
HostPlatform_CPP=''
HostVendor_CPP=''
ICONV_INCLUDE_DIRS=''
ICONV_LIB_DIRS=''
INSTALL_DATA=''
INSTALL_PROGRAM=''
INSTALL_SCRIPT=''
LD=''
LDFLAGS=''
LD_STAGE0='C:/ghc-dev/msys64/mingw64/lib/../mingw/bin/ld.exe'
LIBOBJS=''
LIBRARY_Cabal_VERSION=''
LIBRARY_base_VERSION=''
LIBRARY_ghc_VERSION=''
LIBRARY_ghc_compact_VERSION=''
LIBRARY_ghc_prim_VERSION=''
LIBS=''
LIBTOOL=''
LLC=''
LLVMTarget_CPP=''
LN_S=''
LTLIBOBJS=''
LdCmd=''
LdHasBuildId=''
LdHasFilelist=''
LdHasNoCompactUnwind=''
LdIsGNULd=''
LeadingUnderscore=''
LlcCmd=''
LlvmVersion=''
MakeCmd=''
NM=''
NmCmd=''
OBJDUMP=''
OBJEXT=''
OPT=''
OSTYPE='msys'
ObjdumpCmd=''
OptCmd=''
PACKAGE_BUGREPORT='glasgow-haskell-bugs@haskell.org'
PACKAGE_NAME='The Glorious Glasgow Haskell Compilation System'
PACKAGE_STRING='The Glorious Glasgow Haskell Compilation System 8.3'
PACKAGE_TARNAME='ghc-8.3'
PACKAGE_URL=''
PACKAGE_VERSION='8.3.20170803'
PATH_SEPARATOR=':'
PatchCmd=''
PerlCmd=''
ProjectGitCommitId='884bd21a917f607b5a44e038e06f78d0b765ea63'
ProjectName='The Glorious Glasgow Haskell Compilation System'
ProjectPatchLevel1='20170803'
ProjectPatchLevel2=''
ProjectPatchLevel='20170803'
ProjectVersion='8.3.20170803'
ProjectVersionInt='803'
ProjectVersionMunged='8.3'
RANLIB=''
RANLIB_CMD=''
READELF=''
REAL_RANLIB_CMD=''
SHELL='/bin/sh'
SOLARIS_BROKEN_SHLD=''
SPHINXBUILD=''
SUPPORTS_THIS_UNIT_ID=''
SedCmd=''
SettingsArCommand=''
SettingsCCompilerCommand=''
SettingsCCompilerFlags=''
SettingsCCompilerLinkFlags=''
SettingsCCompilerSupportsNoPie=''
SettingsDllWrapCommand=''
SettingsHaskellCPPCommand=''
SettingsHaskellCPPFlags=''
SettingsLdCommand=''
SettingsLdFlags=''
SettingsLibtoolCommand=''
SettingsLlcCommand=''
SettingsOptCommand=''
SettingsPerlCommand=''
SettingsTouchCommand=''
SettingsWindresCommand=''
SortCmd='/usr/bin/sort'
SplitObjsBroken=''
TarCmd=''
TargetArch_CPP=''
TargetOS_CPP=''
TargetPlatform=''
TargetPlatformFull=''
TargetPlatform_CPP=''
TargetVendor_CPP=''
TargetWordSize=''
TimeCmd=''
TmpLd=''
Unregisterised=''
UseLibdw=''
UseSystemLibFFI=''
Windres=''
WindresCmd=''
WithGhc='/mingw64/bin/ghc'
XELATEX=''
XzCmd=''
ac_ct_CC=''
ac_ct_LLC=''
ac_ct_OPT=''
ac_ct_TmpLd=''
bindir='${exec_prefix}/bin'
build=''
build_alias='x86_64-w64-mingw32'
build_cpu=''
build_os=''
build_vendor=''
datadir='${datarootdir}'
datarootdir='${prefix}/share'
docdir='${datarootdir}/doc/${PACKAGE_TARNAME}'
dvidir='${docdir}'
exec_prefix='NONE'
exeext_host=''
exeext_target=''
fp_prog_ar=''
fp_prog_find='/usr/bin/find'
fp_prog_sort='/usr/bin/sort'
hardtop=''
host=''
host_alias=''
host_cpu=''
host_os=''
host_vendor=''
htmldir='${docdir}'
includedir='${prefix}/include'
infodir='${datarootdir}/info'
libdir='${exec_prefix}/lib'
libexecdir='${exec_prefix}/libexec'
localedir='${datarootdir}/locale'
localstatedir='${prefix}/var'
mandir='${datarootdir}/man'
oldincludedir='/usr/include'
pdfdir='${docdir}'
prefix='/c/TeamCity/buildAgent/work/28754042a1be6052/inst'
program_transform_name='s,x,x,'
psdir='${docdir}'
release='1'
sbindir='${exec_prefix}/sbin'
sharedstatedir='${prefix}/com'
soext_host=''
soext_target=''
sysconfdir='${prefix}/etc'
target=''
target_alias=''
target_cpu=''
target_os=''
target_vendor=''

## ----------- ##
## confdefs.h. ##
## ----------- ##

/* confdefs.h */
#define PACKAGE_NAME "The Glorious Glasgow Haskell Compilation System"
#define PACKAGE_TARNAME "ghc-8.3"
#define PACKAGE_VERSION "8.3"
#define PACKAGE_STRING "The Glorious Glasgow Haskell Compilation System 8.3"
#define PACKAGE_BUGREPORT "glasgow-haskell-bugs@haskell.org"
#define PACKAGE_URL ""

configure: exit 1
