This file contains any messages produced by compilers while
running configure, to aid debugging if configure makes a mistake.

It was created by The Glorious Glasgow Haskell Compilation System configure 8.5, which was
generated by GNU Autoconf 2.69.  Invocation command line was

  $ ./configure --prefix=/c/TeamCity/buildAgent/work/28754042a1be6052/inst --enable-tarballs-autodownload

## --------- ##
## Platform. ##
## --------- ##

hostname = EXIA
uname -m = x86_64
uname -r = 2.7.0(0.306/5/3)
uname -s = MINGW64_NT-6.3
uname -v = 2017-02-14 08:57

/usr/bin/uname -p = unknown
/bin/uname -X     = unknown

/bin/arch              = x86_64
/usr/bin/arch -k       = unknown
/usr/convex/getsysinfo = unknown
/usr/bin/hostinfo      = unknown
/bin/machine           = unknown
/usr/bin/oslevel       = unknown
/bin/universe          = unknown

PATH: /mingw64/bin
PATH: /mingw64/bin
PATH: /usr/local/bin
PATH: /usr/bin
PATH: /bin
PATH: /c/Windows/System32
PATH: /c/Windows
PATH: /c/Windows/System32/Wbem
PATH: /c/Windows/System32/WindowsPowerShell/v1.0/
PATH: /usr/bin/site_perl
PATH: /usr/bin/vendor_perl
PATH: /usr/bin/core_perl


## ----------- ##
## Core tests. ##
## ----------- ##

configure:2573: loading site script /mingw64/etc/config.site
| # This file is in public domain.
| # Original author: Karlson2k (Evgeny Grin)
| # Written for MSys2/MinGW64 to help running 'configure' scripts
| 
| # Defaults for MinGW64-targeted programs
| 
| # Set proper selfname on bash and fallback to default name on other shells
| test -n "${BASH_SOURCE}" 2>/dev/null && config_site_me="${BASH_SOURCE[0]##*/}" || config_site_me=config.site
| 
| # Set default 'host' to speedup configure
| if test -z "$build_alias"; then
|   build_alias="${MSYSTEM_CHOST-x86_64-w64-mingw32}" && \
|     $as_echo "$config_site_me:${as_lineno-$LINENO}: default build_alias set to $build_alias" >&5 
| fi
| 
| # Set default 'prefix' to "/mingw64"
| if ( test -z "$prefix" || test "x$prefix" = "xNONE" ) && \
|    ( test -z "$exec_prefix" || test "x$exec_prefix" = "xNONE" ); then
|   prefix="${MSYSTEM_PREFIX-/mingw64}" && \
|     $as_echo "$config_site_me:${as_lineno-$LINENO}: default prefix set to $prefix" >&5
| fi
config.site:13: default build_alias set to x86_64-w64-mingw32
configure:2696: checking for gfind
configure:2729: result: no
configure:2696: checking for find
configure:2714: found /usr/bin/find
configure:2726: result: /usr/bin/find
configure:2806: checking for sort
configure:2824: found /usr/bin/sort
configure:2836: result: /usr/bin/sort
configure:2913: checking for GHC version date
configure:2926: result: inferred 8.5.20180305
configure:2939: checking for GHC Git commit id
configure:2947: result: inferred a9f680f631e20104661e357393f9704e2f8ba234
configure:3045: checking for ghc
configure:3063: found /mingw64/bin/ghc
configure:3075: result: /mingw64/bin/ghc
configure:3124: checking version of ghc
The Glorious Glasgow Haskell Compilation System, version 8.0.2
configure:3153: result: 8.0.2
configure:3329: checking build system type
configure:3343: result: x86_64-w64-mingw32
configure:3363: checking host system type
configure:3376: result: x86_64-w64-mingw32
configure:3396: checking target system type
configure:3409: result: x86_64-w64-mingw32
configure:4282: checking for path to top of build tree
configure:4308: result: C:/TeamCity/buildAgent/work/28754042a1be6052
configure:4337: Checking for Windows toolchain tarballs...

## ---------------- ##
## Cache variables. ##
## ---------------- ##

ac_cv_build=x86_64-w64-mingw32
ac_cv_env_CC_STAGE0_set=
ac_cv_env_CC_STAGE0_value=
ac_cv_env_CC_set=
ac_cv_env_CC_value=
ac_cv_env_CFLAGS_set=
ac_cv_env_CFLAGS_value=
ac_cv_env_CPPFLAGS_set=
ac_cv_env_CPPFLAGS_value=
ac_cv_env_CPP_set=
ac_cv_env_CPP_value=
ac_cv_env_LDFLAGS_set=
ac_cv_env_LDFLAGS_value=
ac_cv_env_LIBS_set=
ac_cv_env_LIBS_value=
ac_cv_env_build_alias_set=
ac_cv_env_build_alias_value=
ac_cv_env_host_alias_set=
ac_cv_env_host_alias_value=
ac_cv_env_target_alias_set=
ac_cv_env_target_alias_value=
ac_cv_host=x86_64-w64-mingw32
ac_cv_path_GHC=/mingw64/bin/ghc
ac_cv_path_fp_prog_find=/usr/bin/find
ac_cv_path_fp_prog_sort=/usr/bin/sort
ac_cv_target=x86_64-w64-mingw32

## ----------------- ##
## Output variables. ##
## ----------------- ##

ALLOCA=''
AR=''
ARM_ISA=''
AR_OPTS_STAGE0='q'
AR_STAGE0='C:/ghc-dev/msys64/mingw64/lib/../mingw/bin/ar.exe'
AS=''
Alex3=''
AlexCmd=''
AlexVersion=''
ArArgs=''
ArCmd=''
ArIsGNUAr=''
ArSupportsAtFile=''
ArSupportsAtFile_STAGE0='YES'
BUILD_MAN=''
BUILD_SPHINX_HTML=''
BUILD_SPHINX_PDF=''
BuildArch_CPP='x86_64'
BuildOS_CPP='mingw32'
BuildPlatform='x86_64-unknown-mingw32'
BuildPlatform_CPP='x86_64_unknown_mingw32'
BuildVendor_CPP='unknown'
Bzip2Cmd=''
CC=''
CC_CLANG_BACKEND=''
CC_LLVM_BACKEND=''
CC_STAGE0='C:/ghc-dev/msys64/mingw64/lib/../mingw/bin/gcc.exe'
CFLAGS=''
CLANG=''
CONFIGURE_ARGS=' '\''--prefix=/c/TeamCity/buildAgent/work/28754042a1be6052/inst'\'' '\''--enable-tarballs-autodownload'\'''
CONF_CC_OPTS_STAGE0=''
CONF_CC_OPTS_STAGE1=''
CONF_CC_OPTS_STAGE2=''
CONF_CPP_OPTS_STAGE0=''
CONF_CPP_OPTS_STAGE1=''
CONF_CPP_OPTS_STAGE2=''
CONF_GCC_LINKER_OPTS_STAGE0=''
CONF_GCC_LINKER_OPTS_STAGE1=''
CONF_GCC_LINKER_OPTS_STAGE2=''
CONF_HC_OPTS_STAGE0=''
CONF_HC_OPTS_STAGE1=''
CONF_HC_OPTS_STAGE2=''
CONF_LD_LINKER_OPTS_STAGE0=''
CONF_LD_LINKER_OPTS_STAGE1=''
CONF_LD_LINKER_OPTS_STAGE2=''
CPP=''
CPPFLAGS=''
CURSES_INCLUDE_DIRS=''
CURSES_LIB_DIRS=''
Cabal64bit=''
CabalHaveLibbfd=''
CabalHaveLibdl=''
CabalHaveLibdw=''
CabalHaveLibffi=''
CabalHaveLibm=''
CabalHaveLibrt=''
CabalLeadingUnderscore=''
CabalMingwex=''
CabalNeedLibpthread=''
ClangCmd=''
ContextDiffCmd=''
CrossCompilePrefix=''
CrossCompiling=''
DEFS=''
DllWrap=''
DllWrapCmd=''
DtraceCmd=''
ECHO_C=''
ECHO_N='-n'
ECHO_T=''
EGREP=''
EXEEXT=''
EnableDistroToolchain='NO'
FFIIncludeDir=''
FFILibDir=''
FindCmd='/usr/bin/find'
GHC='/mingw64/bin/ghc'
GHC_PACKAGE_DB_FLAG='package-db'
GMP_INCLUDE_DIRS=''
GMP_LIB_DIRS=''
GREP=''
GccExtraViaCOpts=''
GccIsClang=''
GccLT46=''
GccVersion=''
Genlib=''
GenlibCmd=''
GhcLibsWithUnix=''
GhcMajVersion='8'
GhcMinVersion='0'
GhcPatchLevel='2'
GhcPkgCmd=''
GhcVersion='8.0.2'
GzipCmd=''
HAVE_GENLIB=''
HSCOLOUR=''
HappyCmd=''
HappyVersion=''
HaskellCPPArgs=''
HaskellCPPCmd=''
HaskellHaveGnuNonexecStack=''
HaskellHaveIdentDirective=''
HaskellHaveRTSLinker='YES'
HaskellHaveSubsectionsViaSymbols=''
HaskellTargetArch=''
HaskellTargetOs=''
HaveDtrace=''
HaveLibMingwEx=''
HostArch_CPP='x86_64'
HostOS_CPP='mingw32'
HostPlatform='x86_64-unknown-mingw32'
HostPlatform_CPP='x86_64_unknown_mingw32'
HostVendor_CPP='unknown'
ICONV_INCLUDE_DIRS=''
ICONV_LIB_DIRS=''
INSTALL_DATA=''
INSTALL_PROGRAM=''
INSTALL_SCRIPT=''
LD=''
LDFLAGS=''
LD_STAGE0='C:/ghc-dev/msys64/mingw64/lib/../mingw/bin/ld.exe'
LIBOBJS=''
LIBRARY_Cabal_VERSION=''
LIBRARY_base_VERSION=''
LIBRARY_ghc_VERSION=''
LIBRARY_ghc_compact_VERSION=''
LIBRARY_ghc_prim_VERSION=''
LIBS=''
LIBTOOL=''
LLC=''
LLVMTarget_CPP='x86_64-unknown-windows'
LN_S=''
LTLIBOBJS=''
LdCmd=''
LdHasBuildId=''
LdHasFilelist=''
LdHasNoCompactUnwind=''
LdIsGNULd=''
LdNoGoldCmd=''
LeadingUnderscore=''
LibtoolCmd=''
LlcCmd=''
LlvmVersion=''
MakeCmd=''
NM=''
NmCmd=''
OBJDUMP=''
OBJEXT=''
OPT=''
OSTYPE='msys'
ObjdumpCmd=''
OptCmd=''
PACKAGE_BUGREPORT='glasgow-haskell-bugs@haskell.org'
PACKAGE_NAME='The Glorious Glasgow Haskell Compilation System'
PACKAGE_STRING='The Glorious Glasgow Haskell Compilation System 8.5'
PACKAGE_TARNAME='ghc-8.5'
PACKAGE_URL=''
PACKAGE_VERSION='8.5.20180305'
PATH_SEPARATOR=':'
PatchCmd=''
PerlCmd=''
ProjectGitCommitId='a9f680f631e20104661e357393f9704e2f8ba234'
ProjectName='The Glorious Glasgow Haskell Compilation System'
ProjectPatchLevel1='20180305'
ProjectPatchLevel2=''
ProjectPatchLevel='20180305'
ProjectVersion='8.5.20180305'
ProjectVersionInt='805'
ProjectVersionMunged='8.5'
RANLIB=''
RANLIB_CMD=''
READELF=''
REAL_RANLIB_CMD=''
RanlibCmd=''
SHELL='/bin/sh'
SOLARIS_BROKEN_SHLD='NO'
SPHINXBUILD=''
STRIP=''
SedCmd=''
SettingsArCommand=''
SettingsCCompilerCommand=''
SettingsCCompilerFlags=''
SettingsCCompilerLinkFlags=''
SettingsCCompilerSupportsNoPie=''
SettingsClangCommand=''
SettingsDllWrapCommand=''
SettingsHaskellCPPCommand=''
SettingsHaskellCPPFlags=''
SettingsLdCommand=''
SettingsLdFlags=''
SettingsLibtoolCommand=''
SettingsLlcCommand=''
SettingsOptCommand=''
SettingsPerlCommand=''
SettingsRanlibCommand=''
SettingsTouchCommand=''
SettingsWindresCommand=''
SortCmd='/usr/bin/sort'
SplitObjsBroken=''
StripCmd=''
TarCmd=''
TargetArch_CPP='x86_64'
TargetOS_CPP='mingw32'
TargetPlatform='x86_64-unknown-mingw32'
TargetPlatformFull=''
TargetPlatform_CPP='x86_64_unknown_mingw32'
TargetVendor_CPP='unknown'
TargetWordSize=''
TimeCmd=''
TmpLd=''
Unregisterised='NO'
UseLibdw=''
UseSystemLibFFI=''
Windres=''
WindresCmd=''
WithGhc='/mingw64/bin/ghc'
XELATEX=''
XzCmd=''
ac_ct_CC=''
ac_ct_LLC=''
ac_ct_OPT=''
bindir='${exec_prefix}/bin'
build='x86_64-w64-mingw32'
build_alias='x86_64-w64-mingw32'
build_cpu='x86_64'
build_os='mingw32'
build_vendor='w64'
datadir='${datarootdir}'
datarootdir='${prefix}/share'
docdir='${datarootdir}/doc/${PACKAGE_TARNAME}'
dvidir='${docdir}'
exec_prefix='NONE'
exeext_host='.exe'
exeext_target='.exe'
fp_prog_ar=''
fp_prog_find='/usr/bin/find'
fp_prog_sort='/usr/bin/sort'
hardtop='C:/TeamCity/buildAgent/work/28754042a1be6052'
host='x86_64-unknown-mingw32'
host_alias=''
host_cpu='x86_64'
host_os='mingw32'
host_vendor='w64'
htmldir='${docdir}'
includedir='${prefix}/include'
infodir='${datarootdir}/info'
libdir='${exec_prefix}/lib'
libexecdir='${exec_prefix}/libexec'
localedir='${datarootdir}/locale'
localstatedir='${prefix}/var'
mandir='${datarootdir}/man'
oldincludedir='/usr/include'
pdfdir='${docdir}'
prefix='/c/TeamCity/buildAgent/work/28754042a1be6052/inst'
program_transform_name='s,x,x,'
psdir='${docdir}'
release='1'
sbindir='${exec_prefix}/sbin'
sharedstatedir='${prefix}/com'
soext_host='.dll'
soext_target='.dll'
sysconfdir='${prefix}/etc'
target='x86_64-unknown-mingw32'
target_alias=''
target_cpu='x86_64'
target_os='mingw32'
target_vendor='w64'

## ----------- ##
## confdefs.h. ##
## ----------- ##

/* confdefs.h */
#define PACKAGE_NAME "The Glorious Glasgow Haskell Compilation System"
#define PACKAGE_TARNAME "ghc-8.5"
#define PACKAGE_VERSION "8.5"
#define PACKAGE_STRING "The Glorious Glasgow Haskell Compilation System 8.5"
#define PACKAGE_BUGREPORT "glasgow-haskell-bugs@haskell.org"
#define PACKAGE_URL ""

configure: exit 1
