NoFib Results

--------------------------------------------------------------------------------
        Program           Size    Allocs   Runtime   Elapsed  TotalMem
--------------------------------------------------------------------------------
           ansi           0.0%      0.0%    -14.4%    -10.1%      0.0%
           atom           0.0%      0.0%     -6.6%     -7.3%      0.0%
         awards           0.0%     +0.0%     0.000     0.001      0.0%
         banner           0.0%      0.0%     0.000     0.005      0.0%
     bernouilli           0.0%     +0.0%     +4.1%     +2.3%      0.0%
          boyer           0.0%      0.0%    -13.9%    -12.7%      0.0%
         boyer2           0.0%      0.0%     0.013     0.009      0.0%
       calendar           0.0%     +0.0%     0.003     0.004      0.0%
       cichelli           0.0%      0.0%     0.084     0.085    +11.1%
        circsim           0.0%      0.0%    -10.4%     -8.4%      0.0%
       clausify           0.0%      0.0%    -19.2%    -18.5%      0.0%
    constraints           0.0%      0.0%     +1.8%     +4.3%      0.0%
   cryptarithm1           0.0%      0.0%    -24.7%    -23.9%      0.0%
   cryptarithm2           0.0%      0.0%     0.013     0.009      0.0%
            cse           0.0%      0.0%     0.003     0.003      0.0%
   digits-of-e1           0.0%      0.0%     -2.0%     -2.3%      0.0%
   digits-of-e2           0.0%      0.0%     -0.1%     +0.7%      0.0%
          eliza           0.0%      0.0%     0.003     0.002      0.0%
         exp3_8           0.0%      0.0%     -0.2%     +1.8%      0.0%
         expert           0.0%     +0.0%     0.000     0.002      0.0%
           fft2          -----     -----     -----     -----     -----
    gen_regexps           0.0%      0.0%    -12.9%     -8.5%      0.0%
      integrate           0.0%      0.0%    -24.7%    -27.0%      0.0%
          kahan           0.0%     -0.0%    -19.5%    -15.6%      0.0%
      paraffins           0.0%     +0.0%    -15.4%    -16.0%      0.0%
         primes           0.0%      0.0%    -18.3%    -17.7%      0.0%
         queens           0.0%     +0.0%    -27.7%    -27.9%      0.0%
           rfib           0.0%     +0.0%    -27.7%    -28.1%      0.0%
            tak           0.0%     -0.0%    -14.7%     -4.5%      0.0%
   wheel-sieve1           0.0%     -0.0%    -14.7%    -14.3%      0.0%
   wheel-sieve2           0.0%     +0.0%     -6.1%     -4.4%      0.0%
           x2n1           0.0%     +0.0%     0.050     0.049      0.0%
--------------------------------------------------------------------------------
            Min           0.0%     -0.0%    -27.7%    -28.1%      0.0%
            Max           0.0%     +0.0%     +4.1%     +4.3%    +11.1%
 Geometric Mean          -0.0%     +0.0%    -13.2%    -11.9%     +0.3%

Binary Sizes

-------------------------------------------------------------------------------
        Program     nofib_previous.l nofib.2017.07.14
-------------------------------------------------------------------------------
           ansi              4740032             0.0%
           atom              4737264             0.0%
         awards              4740624             0.0%
         banner              4727444             0.0%
     bernouilli              4734088             0.0%
          boyer              4761776             0.0%
         boyer2              4764436             0.0%
       calendar              4744392             0.0%
       cichelli              4735532             0.0%
        circsim              4789344             0.0%
       clausify              4753672             0.0%
    constraints              4761288             0.0%
   cryptarithm1              4704124             0.0%
   cryptarithm2              4726524             0.0%
            cse              4729764             0.0%
   digits-of-e1              4731976             0.0%
   digits-of-e2              4733384             0.0%
          eliza              4743892             0.0%
         exp3_8              4733680             0.0%
         expert              4942352             0.0%
           fft2                -----            -----
    gen_regexps              4707148             0.0%
      integrate              4733624             0.0%
          kahan              5048128             0.0%
      paraffins              4748552             0.0%
         primes              4729056             0.0%
         queens              4728752             0.0%
           rfib              4727760             0.0%
            tak              4728592             0.0%
   wheel-sieve1              4741912             0.0%
   wheel-sieve2              4737224             0.0%
           x2n1              4730224             0.0%
        -1 s.d.                -----            -0.0%
        +1 s.d.                -----            +0.0%
        Average                -----            -0.0%

Allocations

-------------------------------------------------------------------------------
        Program     nofib_previous.l nofib.2017.07.14
-------------------------------------------------------------------------------
           ansi           4164831760             0.0%
           atom           1626340824             0.0%
         awards               279528            +0.0%
         banner               262008             0.0%
     bernouilli            257369928            +0.0%
          boyer            884982856             0.0%
         boyer2              3409192             0.0%
       calendar              2659576            +0.0%
       cichelli             61914000             0.0%
        circsim           1271970512             0.0%
       clausify            455202408             0.0%
    constraints           2082163192             0.0%
   cryptarithm1           2051815600             0.0%
   cryptarithm2             12771856             0.0%
            cse              1243728             0.0%
   digits-of-e1            949574264             0.0%
   digits-of-e2           1859780528             0.0%
          eliza               709112             0.0%
         exp3_8           5887836040             0.0%
         expert               372032            +0.0%
           fft2                -----            -----
    gen_regexps            355674784             0.0%
      integrate            370469432             0.0%
          kahan              1528608            -0.0%
      paraffins            359580944            +0.0%
         primes           1360848800             0.0%
         queens            149875464            +0.0%
           rfib               113216            +0.0%
            tak               103464            -0.0%
   wheel-sieve1             23756488            -0.0%
   wheel-sieve2            160681232            +0.0%
           x2n1              2623904            +0.0%
        -1 s.d.                -----            -0.0%
        +1 s.d.                -----            +0.0%
        Average                -----            +0.0%

Run Time

-------------------------------------------------------------------------------
        Program     nofib_previous.l nofib.2017.07.14
-------------------------------------------------------------------------------
           ansi                1.300           -14.4%
           atom                1.600            -6.6%
         awards                0.000            0.000
         banner                0.000            0.000
     bernouilli                0.225            +4.1%
          boyer                0.741           -13.9%
         boyer2                0.013            0.013
       calendar                0.006            0.003
       cichelli                0.112            0.084
        circsim                1.169           -10.4%
       clausify                0.603           -19.2%
    constraints                3.381            +1.8%
   cryptarithm1                0.884           -24.7%
   cryptarithm2                0.006            0.013
            cse                0.003            0.003
   digits-of-e1                2.019            -2.0%
   digits-of-e2                2.578            -0.1%
          eliza                0.003            0.003
         exp3_8                2.675            -0.2%
         expert                0.006            0.000
           fft2                -----            -----
    gen_regexps                1.119           -12.9%
      integrate                0.278           -24.7%
          kahan                1.203           -19.5%
      paraffins                1.097           -15.4%
         primes                1.144           -18.3%
         queens                0.497           -27.7%
           rfib                0.216           -27.7%
            tak                1.172           -14.7%
   wheel-sieve1                1.619           -14.7%
   wheel-sieve2                0.519            -6.1%
           x2n1                0.053            0.050
        -1 s.d.                -----           -22.2%
        +1 s.d.                -----            -3.3%
        Average                -----           -13.2%

Elapsed Time

-------------------------------------------------------------------------------
        Program     nofib_previous.l nofib.2017.07.14
-------------------------------------------------------------------------------
           ansi                1.317           -10.1%
           atom                1.643            -7.3%
         awards                0.002            0.001
         banner                0.002            0.005
     bernouilli                0.231            +2.3%
          boyer                0.752           -12.7%
         boyer2                0.011            0.009
       calendar                0.004            0.004
       cichelli                0.112            0.085
        circsim                1.205            -8.4%
       clausify                0.610           -18.5%
    constraints                3.475            +4.3%
   cryptarithm1                0.887           -23.9%
   cryptarithm2                0.012            0.009
            cse                0.004            0.003
   digits-of-e1                2.043            -2.3%
   digits-of-e2                2.601            +0.7%
          eliza                0.002            0.002
         exp3_8                2.721            +1.8%
         expert                0.007            0.002
           fft2                -----            -----
    gen_regexps                1.226            -8.5%
      integrate                0.315           -27.0%
          kahan                1.217           -15.6%
      paraffins                1.232           -16.0%
         primes                1.168           -17.7%
         queens                0.502           -27.9%
           rfib                0.216           -28.1%
            tak                1.179            -4.5%
   wheel-sieve1                1.637           -14.3%
   wheel-sieve2                0.545            -4.4%
           x2n1                0.055            0.049
        -1 s.d.                -----           -21.4%
        +1 s.d.                -----            -1.3%
        Average                -----           -11.9%

Mutator Time

-------------------------------------------------------------------------------
        Program     nofib_previous.l nofib.2017.07.14
-------------------------------------------------------------------------------
           ansi                1.053           -14.0%
           atom                0.872            -7.2%
         awards                0.000            0.000
         banner                0.000            0.000
     bernouilli                0.169            0.166
          boyer                0.431           -17.4%
         boyer2                0.003            0.010
       calendar                0.006            0.003
       cichelli                0.078            0.053
        circsim                0.672            -7.0%
       clausify                0.403            -8.6%
    constraints                0.969            +4.9%
   cryptarithm1                0.878           -25.2%
   cryptarithm2                0.006            0.010
            cse                0.003            0.003
   digits-of-e1                1.762            -2.3%
   digits-of-e2                1.384            +2.3%
          eliza                0.003            0.003
         exp3_8                2.263            +0.9%
         expert                0.006            0.000
           fft2                -----            -----
    gen_regexps                0.734           -11.5%
      integrate                0.278           -24.7%
          kahan                1.203           -19.8%
      paraffins                0.112            0.156
         primes                0.935           -19.8%
         queens                0.497           -27.7%
           rfib                0.213           -26.6%
            tak                1.172           -14.7%
   wheel-sieve1                1.572           -13.5%
   wheel-sieve2                0.109            0.078
           x2n1                0.053            0.050
        -1 s.d.                -----           -22.7%
        +1 s.d.                -----            -3.0%
        Average                -----           -13.4%

Mutator Elapsed Time

-------------------------------------------------------------------------------
        Program     nofib_previous.l nofib.2017.07.14
-------------------------------------------------------------------------------
           ansi                1.073           -10.4%
           atom                0.870            -7.1%
         awards                0.001            0.001
         banner                0.001            0.005
     bernouilli                0.163            0.168
          boyer                0.401           -16.8%
         boyer2                0.006            0.005
       calendar                0.004            0.003
       cichelli                0.086            0.064
        circsim                0.679            -9.9%
       clausify                0.460           -20.7%
    constraints                1.070            +2.4%
   cryptarithm1                0.867           -24.0%
   cryptarithm2                0.010            0.007
            cse                0.002            0.002
   digits-of-e1                1.778            -2.6%
   digits-of-e2                1.371            -0.4%
          eliza                0.001            0.001
         exp3_8                2.218            +2.9%
         expert                0.006            0.002
           fft2                -----            -----
    gen_regexps                0.818            -8.8%
      integrate                0.312           -27.1%
          kahan                1.216           -15.6%
      paraffins                0.145            0.134
         primes                0.940           -17.3%
         queens                0.499           -27.9%
           rfib                0.215           -28.0%
            tak                1.177            -4.4%
   wheel-sieve1                1.589           -14.2%
   wheel-sieve2                0.121            0.107
           x2n1                0.054            0.048
        -1 s.d.                -----           -22.8%
        +1 s.d.                -----            -2.8%
        Average                -----           -13.3%

GC Time

-------------------------------------------------------------------------------
        Program     nofib_previous.l nofib.2017.07.14
-------------------------------------------------------------------------------
           ansi                0.247           -16.5%
           atom                0.728            -6.0%
         awards                0.000            0.000
         banner                0.000            0.000
     bernouilli                0.056            0.069
          boyer                0.306            -8.2%
         boyer2                0.010            0.003
       calendar                0.000            0.000
       cichelli                0.034            0.031
        circsim                0.497           -15.1%
       clausify                0.200            0.119
    constraints                2.413            +0.5%
   cryptarithm1                0.006            0.010
   cryptarithm2                0.000            0.000
            cse                0.000            0.000
   digits-of-e1                0.256            -0.0%
   digits-of-e2                1.194            -2.9%
          eliza                0.000            0.000
         exp3_8                0.412            -6.8%
         expert                0.000            0.000
           fft2                -----            -----
    gen_regexps                0.381           -14.8%
      integrate                0.000            0.000
          kahan                0.000            0.000
      paraffins                0.984           -21.6%
         primes                0.209           -11.8%
         queens                0.000            0.000
           rfib                0.000            0.000
            tak                0.000            0.000
   wheel-sieve1                0.047            0.022
   wheel-sieve2                0.410            -0.0%
           x2n1                0.000            0.000
        -1 s.d.                -----           -15.7%
        +1 s.d.                -----            -1.5%
        Average                -----            -8.9%

GC Elapsed Time

-------------------------------------------------------------------------------
        Program     nofib_previous.l nofib.2017.07.14
-------------------------------------------------------------------------------
           ansi                0.243            -8.7%
           atom                0.773            -7.5%
         awards                0.000            0.000
         banner                0.000            0.000
     bernouilli                0.067            0.067
          boyer                0.351            -7.8%
         boyer2                0.004            0.003
       calendar                0.000            0.000
       cichelli                0.025            0.021
        circsim                0.525            -6.4%
       clausify                0.149            0.132
    constraints                2.404            +5.2%
   cryptarithm1                0.020            0.017
   cryptarithm2                0.001            0.001
            cse                0.001            0.000
   digits-of-e1                0.264            -0.2%
   digits-of-e2                1.229            +2.0%
          eliza                0.000            0.000
         exp3_8                0.502            -2.7%
         expert                0.000            0.000
           fft2                -----            -----
    gen_regexps                0.408            -7.7%
      integrate                0.002            0.002
          kahan                0.000            0.000
      paraffins                1.085           -17.0%
         primes                0.227           -18.7%
         queens                0.002            0.002
           rfib                0.000            0.000
            tak                0.000            0.000
   wheel-sieve1                0.047            0.040
   wheel-sieve2                0.423            -2.4%
           x2n1                0.000            0.000
        -1 s.d.                -----           -12.8%
        +1 s.d.                -----            +0.9%
        Average                -----            -6.2%

GC(0) Count

-------------------------------------------------------------------------------
        Program     nofib_previous.l nofib.2017.07.14
-------------------------------------------------------------------------------
           ansi                 4012             0.0%
           atom                 1150             0.0%
         awards                    0             0.0%
         banner                    0             0.0%
     bernouilli                  203             0.0%
          boyer                  779             0.0%
         boyer2                    2             0.0%
       calendar                    1             0.0%
       cichelli                   55             0.0%
        circsim                  551             0.0%
       clausify                  385             0.0%
    constraints                 1972             0.0%
   cryptarithm1                 1963             0.0%
   cryptarithm2                   11             0.0%
            cse                    1             0.0%
   digits-of-e1                  799             0.0%
   digits-of-e2                  905             0.0%
          eliza                    0             0.0%
         exp3_8                 3375             0.0%
         expert                    0             0.0%
           fft2                -----            -----
    gen_regexps                  331             0.0%
      integrate                    3             0.0%
          kahan                    1             0.0%
      paraffins                  319             0.0%
         primes                  791             0.0%
         queens                  143             0.0%
           rfib                    0             0.0%
            tak                    0             0.0%
   wheel-sieve1                   18             0.0%
   wheel-sieve2                  147             0.0%
           x2n1                    2             0.0%
        -1 s.d.                -----            -0.0%
        +1 s.d.                -----            +0.0%
        Average                -----            -0.0%

GC(0) Time

-------------------------------------------------------------------------------
        Program     nofib_previous.l nofib.2017.07.14
-------------------------------------------------------------------------------
           ansi                0.247           -16.5%
           atom                0.525           -11.9%
         awards                0.000            0.000
         banner                0.000            0.000
     bernouilli                0.041            0.044
          boyer                0.288           -12.0%
         boyer2                0.006            0.000
       calendar                0.000            0.000
       cichelli                0.025            0.019
        circsim                0.485           -14.2%
       clausify                0.128            0.081
    constraints                2.403            -0.3%
   cryptarithm1                0.006            0.010
   cryptarithm2                0.000            0.000
            cse                0.000            0.000
   digits-of-e1                0.206            +4.6%
   digits-of-e2                0.794            +1.2%
          eliza                0.000            0.000
         exp3_8                0.412            -6.8%
         expert                0.000            0.000
           fft2                -----            -----
    gen_regexps                0.381           -15.6%
      integrate                0.000            0.000
          kahan                0.000            0.000
      paraffins                0.962           -21.7%
         primes                0.169            0.169
         queens                0.000            0.000
           rfib                0.000            0.000
            tak                0.000            0.000
   wheel-sieve1                0.047            0.019
   wheel-sieve2                0.400            +0.7%
           x2n1                0.000            0.000
        -1 s.d.                -----           -16.7%
        +1 s.d.                -----            -0.1%
        Average                -----            -8.8%

GC(0) Elapsed Time

-------------------------------------------------------------------------------
        Program     nofib_previous.l nofib.2017.07.14
-------------------------------------------------------------------------------
           ansi                0.240            -8.6%
           atom                0.539            -9.6%
         awards                0.000            0.000
         banner                0.000            0.000
     bernouilli                0.050            0.051
          boyer                0.318            -7.6%
         boyer2                0.002            0.001
       calendar                0.000            0.000
       cichelli                0.021            0.017
        circsim                0.505            -5.9%
       clausify                0.110            0.098
    constraints                2.380            +5.3%
   cryptarithm1                0.020            0.017
   cryptarithm2                0.001            0.001
            cse                0.000            0.000
   digits-of-e1                0.235             0.0%
   digits-of-e2                0.836            +1.7%
          eliza                0.000            0.000
         exp3_8                0.502            -2.8%
         expert                0.000            0.000
           fft2                -----            -----
    gen_regexps                0.399            -7.5%
      integrate                0.001            0.001
          kahan                0.000            0.000
      paraffins                1.061           -16.8%
         primes                0.192            0.157
         queens                0.002            0.002
           rfib                0.000            0.000
            tak                0.000            0.000
   wheel-sieve1                0.043            0.037
   wheel-sieve2                0.414            -2.1%
           x2n1                0.000            0.000
        -1 s.d.                -----           -10.8%
        +1 s.d.                -----            +1.0%
        Average                -----            -5.1%

GC(1) Count

-------------------------------------------------------------------------------
        Program     nofib_previous.l nofib.2017.07.14
-------------------------------------------------------------------------------
           ansi                   38             0.0%
           atom                  158             0.0%
         awards                    1             0.0%
         banner                    1             0.0%
     bernouilli                   56             0.0%
          boyer                   75             0.0%
         boyer2                    2             0.0%
       calendar                    2             0.0%
       cichelli                    5             0.0%
        circsim                    6             0.0%
       clausify                   51             0.0%
    constraints                   29             0.0%
   cryptarithm1                    2             0.0%
   cryptarithm2                    2             0.0%
            cse                    1             0.0%
   digits-of-e1                   95             0.0%
   digits-of-e2                  339             0.0%
          eliza                    1             0.0%
         exp3_8                    2             0.0%
         expert                    1             0.0%
           fft2                -----            -----
    gen_regexps                   10             0.0%
      integrate                    2             0.0%
          kahan                    1             0.0%
      paraffins                    6             0.0%
         primes                   33             0.0%
         queens                    2             0.0%
           rfib                    1             0.0%
            tak                    1             0.0%
   wheel-sieve1                    5             0.0%
   wheel-sieve2                    7             0.0%
           x2n1                    1             0.0%
        -1 s.d.                -----            -0.0%
        +1 s.d.                -----            +0.0%
        Average                -----            -0.0%

GC(1) Time

-------------------------------------------------------------------------------
        Program     nofib_previous.l nofib.2017.07.14
-------------------------------------------------------------------------------
           ansi                0.000            0.000
           atom                0.203            +9.1%
         awards                0.000            0.000
         banner                0.000            0.000
     bernouilli                0.016            0.025
          boyer                0.019            0.028
         boyer2                0.003            0.003
       calendar                0.000            0.000
       cichelli                0.010            0.013
        circsim                0.013            0.006
       clausify                0.072            0.038
    constraints                0.010            0.028
   cryptarithm1                0.000            0.000
   cryptarithm2                0.000            0.000
            cse                0.000            0.000
   digits-of-e1                0.050            0.041
   digits-of-e2                0.400           -11.0%
          eliza                0.000            0.000
         exp3_8                0.000            0.000
         expert                0.000            0.000
           fft2                -----            -----
    gen_regexps                0.000            0.003
      integrate                0.000            0.000
          kahan                0.000            0.000
      paraffins                0.022            0.019
         primes                0.041            0.016
         queens                0.000            0.000
           rfib                0.000            0.000
            tak                0.000            0.000
   wheel-sieve1                0.000            0.003
   wheel-sieve2                0.010            0.006
           x2n1                0.000            0.000
        -1 s.d.                -----           -11.0%
        +1 s.d.                -----            +9.1%
        Average                -----            -1.4%

GC(1) Elapsed Time

-------------------------------------------------------------------------------
        Program     nofib_previous.l nofib.2017.07.14
-------------------------------------------------------------------------------
           ansi                0.003            0.003
           atom                0.233            -2.5%
         awards                0.000            0.000
         banner                0.000            0.000
     bernouilli                0.017            0.017
          boyer                0.033            0.030
         boyer2                0.002            0.002
       calendar                0.000            0.000
       cichelli                0.004            0.004
        circsim                0.020            0.017
       clausify                0.039            0.034
    constraints                0.024            0.024
   cryptarithm1                0.000            0.000
   cryptarithm2                0.000            0.000
            cse                0.001            0.000
   digits-of-e1                0.029            0.029
   digits-of-e2                0.393            +2.6%
          eliza                0.000            0.000
         exp3_8                0.000            0.000
         expert                0.000            0.000
           fft2                -----            -----
    gen_regexps                0.008            0.007
      integrate                0.001            0.001
          kahan                0.000            0.000
      paraffins                0.025            0.019
         primes                0.035            0.028
         queens                0.000            0.000
           rfib                0.000            0.000
            tak                0.000            0.000
   wheel-sieve1                0.005            0.004
   wheel-sieve2                0.009            0.008
           x2n1                0.000            0.000
        -1 s.d.                -----            -2.5%
        +1 s.d.                -----            +2.6%
        Average                -----            +0.0%

GC Work

-------------------------------------------------------------------------------
        Program     nofib_previous.l nofib.2017.07.14
-------------------------------------------------------------------------------
           ansi            118395883            -0.0%
           atom            419820444             0.0%
         awards                 1824             0.0%
         banner                 2496             0.0%
     bernouilli             69050000             0.0%
          boyer            102602120             0.0%
         boyer2               721120             0.0%
       calendar                12448             0.0%
       cichelli             12880680            +2.5%
        circsim            202838747            +0.0%
       clausify             64007520             0.0%
    constraints           1092616360             0.0%
   cryptarithm1              2721736             0.0%
   cryptarithm2                53272             0.0%
            cse               212696             0.0%
   digits-of-e1            107071862            -0.0%
   digits-of-e2            462942472             0.0%
          eliza                 2496             0.0%
         exp3_8            326891456            +0.0%
         expert                 3320             0.0%
           fft2                -----            -----
    gen_regexps            236857512            +0.0%
      integrate                74192             0.0%
          kahan                42656             0.0%
      paraffins            531909520             0.0%
         primes            103705144             0.0%
         queens               185024             0.0%
           rfib                 1824             0.0%
            tak                 1824             0.0%
   wheel-sieve1             30548219            +0.0%
   wheel-sieve2            143618352             0.0%
           x2n1                 6528             0.0%
        -1 s.d.                -----            -0.4%
        +1 s.d.                -----            +0.5%
        Average                -----            +0.1%

GC work balance

-------------------------------------------------------------------------------
        Program     nofib_previous.l nofib.2017.07.14
-------------------------------------------------------------------------------
           ansi                1.000             0.0%
           atom                1.000             0.0%
         awards                1.000             0.0%
         banner                1.000             0.0%
     bernouilli                1.000             0.0%
          boyer                1.000             0.0%
         boyer2                1.000             0.0%
       calendar                1.000             0.0%
       cichelli                1.000             0.0%
        circsim                1.000             0.0%
       clausify                1.000             0.0%
    constraints                1.000             0.0%
   cryptarithm1                1.000             0.0%
   cryptarithm2                1.000             0.0%
            cse                1.000             0.0%
   digits-of-e1                1.000             0.0%
   digits-of-e2                1.000             0.0%
          eliza                1.000             0.0%
         exp3_8                1.000             0.0%
         expert                1.000             0.0%
           fft2                -----            -----
    gen_regexps                1.000             0.0%
      integrate                1.000             0.0%
          kahan                1.000             0.0%
      paraffins                1.000             0.0%
         primes                1.000             0.0%
         queens                1.000             0.0%
           rfib                1.000             0.0%
            tak                1.000             0.0%
   wheel-sieve1                1.000             0.0%
   wheel-sieve2                1.000             0.0%
           x2n1                1.000             0.0%
        -1 s.d.                -----            -0.0%
        +1 s.d.                -----            +0.0%
        Average                -----            -0.0%

Instructions

-------------------------------------------------------------------------------
        Program     nofib_previous.l nofib.2017.07.14
-------------------------------------------------------------------------------
           ansi          (no result)      (no result)
           atom          (no result)      (no result)
         awards          (no result)      (no result)
         banner          (no result)      (no result)
     bernouilli          (no result)      (no result)
          boyer          (no result)      (no result)
         boyer2          (no result)      (no result)
       calendar          (no result)      (no result)
       cichelli          (no result)      (no result)
        circsim          (no result)      (no result)
       clausify          (no result)      (no result)
    constraints          (no result)      (no result)
   cryptarithm1          (no result)      (no result)
   cryptarithm2          (no result)      (no result)
            cse          (no result)      (no result)
   digits-of-e1          (no result)      (no result)
   digits-of-e2          (no result)      (no result)
          eliza          (no result)      (no result)
         exp3_8          (no result)      (no result)
         expert          (no result)      (no result)
           fft2                -----            -----
    gen_regexps          (no result)      (no result)
      integrate          (no result)      (no result)
          kahan          (no result)      (no result)
      paraffins          (no result)      (no result)
         primes          (no result)      (no result)
         queens          (no result)      (no result)
           rfib          (no result)      (no result)
            tak          (no result)      (no result)
   wheel-sieve1          (no result)      (no result)
   wheel-sieve2          (no result)      (no result)
           x2n1          (no result)      (no result)
        -1 s.d.                -----            -----
        +1 s.d.                -----            -----
        Average                -----            -----

Memory Reads

-------------------------------------------------------------------------------
        Program     nofib_previous.l nofib.2017.07.14
-------------------------------------------------------------------------------
           ansi          (no result)      (no result)
           atom          (no result)      (no result)
         awards          (no result)      (no result)
         banner          (no result)      (no result)
     bernouilli          (no result)      (no result)
          boyer          (no result)      (no result)
         boyer2          (no result)      (no result)
       calendar          (no result)      (no result)
       cichelli          (no result)      (no result)
        circsim          (no result)      (no result)
       clausify          (no result)      (no result)
    constraints          (no result)      (no result)
   cryptarithm1          (no result)      (no result)
   cryptarithm2          (no result)      (no result)
            cse          (no result)      (no result)
   digits-of-e1          (no result)      (no result)
   digits-of-e2          (no result)      (no result)
          eliza          (no result)      (no result)
         exp3_8          (no result)      (no result)
         expert          (no result)      (no result)
           fft2                -----            -----
    gen_regexps          (no result)      (no result)
      integrate          (no result)      (no result)
          kahan          (no result)      (no result)
      paraffins          (no result)      (no result)
         primes          (no result)      (no result)
         queens          (no result)      (no result)
           rfib          (no result)      (no result)
            tak          (no result)      (no result)
   wheel-sieve1          (no result)      (no result)
   wheel-sieve2          (no result)      (no result)
           x2n1          (no result)      (no result)
        -1 s.d.                -----            -----
        +1 s.d.                -----            -----
        Average                -----            -----

Memory Writes

-------------------------------------------------------------------------------
        Program     nofib_previous.l nofib.2017.07.14
-------------------------------------------------------------------------------
           ansi          (no result)      (no result)
           atom          (no result)      (no result)
         awards          (no result)      (no result)
         banner          (no result)      (no result)
     bernouilli          (no result)      (no result)
          boyer          (no result)      (no result)
         boyer2          (no result)      (no result)
       calendar          (no result)      (no result)
       cichelli          (no result)      (no result)
        circsim          (no result)      (no result)
       clausify          (no result)      (no result)
    constraints          (no result)      (no result)
   cryptarithm1          (no result)      (no result)
   cryptarithm2          (no result)      (no result)
            cse          (no result)      (no result)
   digits-of-e1          (no result)      (no result)
   digits-of-e2          (no result)      (no result)
          eliza          (no result)      (no result)
         exp3_8          (no result)      (no result)
         expert          (no result)      (no result)
           fft2                -----            -----
    gen_regexps          (no result)      (no result)
      integrate          (no result)      (no result)
          kahan          (no result)      (no result)
      paraffins          (no result)      (no result)
         primes          (no result)      (no result)
         queens          (no result)      (no result)
           rfib          (no result)      (no result)
            tak          (no result)      (no result)
   wheel-sieve1          (no result)      (no result)
   wheel-sieve2          (no result)      (no result)
           x2n1          (no result)      (no result)
        -1 s.d.                -----            -----
        +1 s.d.                -----            -----
        Average                -----            -----

Cache Misses

-------------------------------------------------------------------------------
        Program     nofib_previous.l nofib.2017.07.14
-------------------------------------------------------------------------------
           ansi          (no result)      (no result)
           atom          (no result)      (no result)
         awards          (no result)      (no result)
         banner          (no result)      (no result)
     bernouilli          (no result)      (no result)
          boyer          (no result)      (no result)
         boyer2          (no result)      (no result)
       calendar          (no result)      (no result)
       cichelli          (no result)      (no result)
        circsim          (no result)      (no result)
       clausify          (no result)      (no result)
    constraints          (no result)      (no result)
   cryptarithm1          (no result)      (no result)
   cryptarithm2          (no result)      (no result)
            cse          (no result)      (no result)
   digits-of-e1          (no result)      (no result)
   digits-of-e2          (no result)      (no result)
          eliza          (no result)      (no result)
         exp3_8          (no result)      (no result)
         expert          (no result)      (no result)
           fft2                -----            -----
    gen_regexps          (no result)      (no result)
      integrate          (no result)      (no result)
          kahan          (no result)      (no result)
      paraffins          (no result)      (no result)
         primes          (no result)      (no result)
         queens          (no result)      (no result)
           rfib          (no result)      (no result)
            tak          (no result)      (no result)
   wheel-sieve1          (no result)      (no result)
   wheel-sieve2          (no result)      (no result)
           x2n1          (no result)      (no result)
        -1 s.d.                -----            -----
        +1 s.d.                -----            -----
        Average                -----            -----

Total Memory in use

-------------------------------------------------------------------------------
        Program     nofib_previous.l nofib.2017.07.14
-------------------------------------------------------------------------------
           ansi              3145728             0.0%
           atom              4194304             0.0%
         awards              2097152             0.0%
         banner              2097152             0.0%
     bernouilli              3145728             0.0%
          boyer              3145728             0.0%
         boyer2              2097152             0.0%
       calendar              2097152             0.0%
       cichelli              7549747           +11.1%
        circsim             74448896             0.0%
       clausify              3145728             0.0%
    constraints            134217728             0.0%
   cryptarithm1              2097152             0.0%
   cryptarithm2              2097152             0.0%
            cse              2097152             0.0%
   digits-of-e1              3145728             0.0%
   digits-of-e2              4194304             0.0%
          eliza              2097152             0.0%
         exp3_8              3145728             0.0%
         expert              2097152             0.0%
           fft2                -----            -----
    gen_regexps             63963136             0.0%
      integrate            106954752             0.0%
          kahan              2097152             0.0%
      paraffins            340787200             0.0%
         primes              4194304             0.0%
         queens              2097152             0.0%
           rfib              2097152             0.0%
            tak              2097152             0.0%
   wheel-sieve1             26214400             0.0%
   wheel-sieve2             84934656             0.0%
           x2n1              2097152             0.0%
        -1 s.d.                -----            -1.5%
        +1 s.d.                -----            +2.2%
        Average                -----            +0.3%
Module Sizes

-------------------------------------------------------------------------------
        Program     nofib_previous.l nofib.2017.07.14
-------------------------------------------------------------------------------

ansi
           Main                14512             0.0%

atom
           Main                11760             0.0%

awards
           Main                12304             0.0%
          QSort                 2864             0.0%

banner
           Main                28208             0.0%

bernouilli
           Main                 8608             0.0%

boyer
           Main                36304             0.0%

boyer2
        Checker                 4160             0.0%
    Lisplikefns                21872             0.0%
           Main                 6256             0.0%
     Rewritefns                10256             0.0%
   Rulebasetext                22784             0.0%

calendar
           Main                18928             0.0%

cichelli
          Auxil                16080             0.0%
       Interval                  160             0.0%
            Key                 3584             0.0%
           Main                  512             0.0%
           Prog                16208             0.0%

circsim
           Main                63840             0.0%

clausify
           Main                28208             0.0%

constraints
           Main                35776             0.0%

cryptarithm1
           Main                 4832             0.0%

cryptarithm2
           Main                27312             0.0%

cse
           Main                26432             0.0%
     StateMonad                 4144             0.0%

digits-of-e1
           Main                 6496             0.0%

digits-of-e2
           Main                 7888             0.0%

eliza
           Main                44704             0.0%

exp3_8
           Main                 8192             0.0%

expert
      Knowledge                14432             0.0%
           Main                 9168             0.0%
          Match                 4288             0.0%
         Result                 2128             0.0%
         Search                12080             0.0%
          Table                19232             0.0%

fft2
Complex_Vectors                 3312             0.0%
        Fourier                22848             0.0%
           Main                 4480             0.0%

gen_regexps
           Main                 7888             0.0%

integrate
           Main                 8096             0.0%

kahan
           Main                 3344             0.0%

paraffins
           Main                23072             0.0%

primes
           Main                 3520             0.0%

queens
           Main                 3232             0.0%

rfib
           Main                 2272             0.0%

tak
           Main                 3088             0.0%

wheel-sieve1
           Main                16464             0.0%

wheel-sieve2
           Main                11744             0.0%

x2n1
           Main                 4752             0.0%

        -1 s.d.                -----            -0.0%
        +1 s.d.                -----             0.0%
        Average                -----            -0.0%

Compile Times

-------------------------------------------------------------------------------
        Program     nofib_previous.l nofib.2017.07.14
-------------------------------------------------------------------------------

ansi
           Main                0.641           -17.0%

atom
           Main                0.516            -9.3%

awards
           Main                0.672            -9.4%
          QSort                0.219           -21.5%

banner
           Main                0.906           -24.2%

bernouilli
           Main                0.609            -7.7%

boyer
           Main                1.516            -8.2%

boyer2
        Checker                0.219           -21.5%
    Lisplikefns                0.641           -17.2%
           Main                0.313           -20.1%
     Rewritefns                0.344            -4.7%
   Rulebasetext                0.329           -24.0%

calendar
           Main                0.891           -15.8%

cichelli
          Auxil                0.657           -16.9%
       Interval                0.156            0.094
            Key                0.140            0.109
           Main                0.187            0.124
           Prog                0.516            -9.1%

circsim
           Main                2.078            +1.5%

clausify
           Main                1.032           -18.2%

constraints
           Main                1.219            -1.3%

cryptarithm1
           Main                0.297           -15.8%

cryptarithm2
           Main                0.906           -10.3%

cse
           Main                0.890           -10.4%
     StateMonad                0.219           -28.8%

digits-of-e1
           Main                0.375             0.0%

digits-of-e2
           Main                0.469            +6.6%

eliza
           Main                1.048           -13.5%

exp3_8
           Main                0.469           -23.5%

expert
      Knowledge                0.453            -6.8%
           Main                0.562           -19.4%
          Match                0.297           -26.3%
         Result                0.140            0.140
         Search                0.390            -3.8%
          Table                0.625            -2.4%

fft2
Complex_Vectors                0.312           -39.7%
        Fourier                0.844           -18.6%
           Main                0.438           -24.9%

gen_regexps
           Main                0.578           -21.6%

integrate
           Main                0.469           -16.8%

kahan
           Main                0.546           -11.4%

paraffins
           Main                0.969            -6.5%

primes
           Main                0.360           -21.9%

queens
           Main                0.344           -18.0%

rfib
           Main                0.360           -30.6%

tak
           Main                0.281            -5.3%

wheel-sieve1
           Main                0.578           -13.5%

wheel-sieve2
           Main                0.500            -9.4%

x2n1
           Main                0.485           -16.3%

        -1 s.d.                -----           -23.9%
        +1 s.d.                -----            -5.1%
        Average                -----           -15.0%

Compile Allocations

-------------------------------------------------------------------------------
        Program     nofib_previous.l nofib.2017.07.14
-------------------------------------------------------------------------------

ansi
           Main            256586840            +0.3%

atom
           Main            203512968            -0.1%

awards
           Main            272913416            -0.1%
          QSort             80519080            +0.1%

banner
           Main            404078128            -0.0%

bernouilli
           Main            184956096            -0.0%

boyer
           Main            768905616            +0.0%

boyer2
        Checker            101969064            +2.3%
    Lisplikefns            278088336            +0.8%
           Main            116249160            +0.0%
     Rewritefns            169713568            +0.5%
   Rulebasetext            162342896            +0.0%

calendar
           Main            344934136            -0.0%

cichelli
          Auxil            266420096            +0.0%
       Interval             33631240            +1.1%
            Key             56468552            +0.0%
           Main             52463408            +4.6%
           Prog            229649888            +1.2%

circsim
           Main           1095507184            -0.1%

clausify
           Main            470547840            +0.9%

constraints
           Main            575254728            -0.2%

cryptarithm1
           Main            119231656            +2.6%

cryptarithm2
           Main            388130688            +0.0%

cse
           Main            397114344            +0.9%
     StateMonad             89939584            +1.5%

digits-of-e1
           Main            137379160            -0.0%

digits-of-e2
           Main            166155512            +0.3%

eliza
           Main            500935344            +0.9%

exp3_8
           Main            163762832            -0.0%

expert
      Knowledge            199036816            +1.5%
           Main            186655216            +2.1%
          Match            101810616            +2.7%
         Result             64566008            +0.6%
         Search            174123872            +1.7%
          Table            297545768            +1.2%

fft2
Complex_Vectors            101996256            +0.7%
        Fourier            339321960            +0.9%
           Main            132354504            +1.2%

gen_regexps
           Main            193048112            +2.1%

integrate
           Main            177683976            +0.0%

kahan
           Main            170393784            +0.0%

paraffins
           Main            439413016            +1.0%

primes
           Main            107296608            -0.0%

queens
           Main            116069656            +3.3%

rfib
           Main             95817576            +3.8%

tak
           Main            102701816            +0.0%

wheel-sieve1
           Main            227578336            -0.0%

wheel-sieve2
           Main            202449080            +0.6%

x2n1
           Main            162042064            -0.0%

        -1 s.d.                -----            -0.3%
        +1 s.d.                -----            +1.9%
        Average                -----            +0.8%
