NoFib Results

--------------------------------------------------------------------------------
        Program           Size    Allocs   Runtime   Elapsed  TotalMem
--------------------------------------------------------------------------------
           ansi           0.0%      0.0%     +1.7%     -7.3%      0.0%
           atom           0.0%      0.0%     -2.1%     -2.0%      0.0%
         awards           0.0%     +0.0%     0.000     0.002      0.0%
         banner           0.0%      0.0%     0.003     0.005      0.0%
     bernouilli           0.0%      0.0%     0.184     0.188      0.0%
          boyer           0.0%      0.0%    -16.1%    -13.0%      0.0%
         boyer2           0.0%      0.0%     0.013     0.009      0.0%
       calendar           0.0%      0.0%     0.003     0.008      0.0%
       cichelli           0.0%      0.0%     0.075     0.083    +11.1%
        circsim           0.0%      0.0%     -7.0%     -6.0%      0.0%
       clausify           0.0%     -0.0%    -14.1%     -9.9%      0.0%
    constraints           0.0%      0.0%     +5.4%     +8.5%      0.0%
   cryptarithm1           0.0%      0.0%     -5.3%     -4.3%      0.0%
   cryptarithm2           0.0%      0.0%     0.016     0.009      0.0%
            cse           0.0%      0.0%     0.000     0.003      0.0%
   digits-of-e1           0.0%      0.0%     -1.5%     +3.8%      0.0%
   digits-of-e2           0.0%      0.0%     +0.7%     +0.5%      0.0%
          eliza           0.0%      0.0%     0.000     0.005      0.0%
         exp3_8           0.0%      0.0%     -1.7%     -5.9%      0.0%
         expert           0.0%     +0.0%     0.000     0.006      0.0%
           fft2          -----     -----     -----     -----     -----
    gen_regexps           0.0%      0.0%     -0.0%     +0.0%      0.0%
      integrate           0.0%      0.0%     -4.6%     +6.0%      0.0%
          kahan           0.0%     -0.0%     +0.9%     -0.7%      0.0%
      paraffins           0.0%     +0.0%     +0.7%     +0.1%      0.0%
         primes           0.0%      0.0%     +0.7%     +1.5%      0.0%
         queens           0.0%      0.0%     -0.9%     +0.1%      0.0%
           rfib           0.0%      0.0%     0.153     0.155      0.0%
            tak           0.0%     -0.0%     +0.9%    -10.4%      0.0%
   wheel-sieve1           0.0%     +0.0%     +0.3%    +10.9%      0.0%
   wheel-sieve2           0.0%     +0.0%     -0.7%     +0.1%      0.0%
           x2n1           0.0%      0.0%     0.041     0.042      0.0%
--------------------------------------------------------------------------------
            Min           0.0%     -0.0%    -16.1%    -13.0%      0.0%
            Max           0.0%     +0.0%     +5.4%    +10.9%    +11.1%
 Geometric Mean          -0.0%     +0.0%     -2.4%     -1.7%     +0.3%

Binary Sizes

-------------------------------------------------------------------------------
        Program     nofib_previous.l nofib.2017.07.11
-------------------------------------------------------------------------------
           ansi              4739888             0.0%
           atom              4737120             0.0%
         awards              4740480             0.0%
         banner              4727300             0.0%
     bernouilli              4733944             0.0%
          boyer              4761632             0.0%
         boyer2              4764292             0.0%
       calendar              4744248             0.0%
       cichelli              4735388             0.0%
        circsim              4789200             0.0%
       clausify              4753528             0.0%
    constraints              4761144             0.0%
   cryptarithm1              4703980             0.0%
   cryptarithm2              4726380             0.0%
            cse              4729620             0.0%
   digits-of-e1              4731832             0.0%
   digits-of-e2              4733240             0.0%
          eliza              4743748             0.0%
         exp3_8              4733536             0.0%
         expert              4942208             0.0%
           fft2                -----            -----
    gen_regexps              4707004             0.0%
      integrate              4733480             0.0%
          kahan              5047984             0.0%
      paraffins              4748408             0.0%
         primes              4728912             0.0%
         queens              4728608             0.0%
           rfib              4727616             0.0%
            tak              4728448             0.0%
   wheel-sieve1              4741768             0.0%
   wheel-sieve2              4737080             0.0%
           x2n1              4730080             0.0%
        -1 s.d.                -----            -0.0%
        +1 s.d.                -----            +0.0%
        Average                -----            -0.0%

Allocations

-------------------------------------------------------------------------------
        Program     nofib_previous.l nofib.2017.07.11
-------------------------------------------------------------------------------
           ansi           4164831752             0.0%
           atom           1626340832             0.0%
         awards               279520            +0.0%
         banner               262008             0.0%
     bernouilli            257369944             0.0%
          boyer            884982840             0.0%
         boyer2              3409192             0.0%
       calendar              2659584             0.0%
       cichelli             61914000             0.0%
        circsim           1271970520             0.0%
       clausify            455202408            -0.0%
    constraints           2082163192             0.0%
   cryptarithm1           2051815600             0.0%
   cryptarithm2             12771856             0.0%
            cse              1243728             0.0%
   digits-of-e1            949574256             0.0%
   digits-of-e2           1859780528             0.0%
          eliza               709112             0.0%
         exp3_8           5887836032             0.0%
         expert               372048            +0.0%
           fft2                -----            -----
    gen_regexps            355674784             0.0%
      integrate            370469432             0.0%
          kahan              1528616            -0.0%
      paraffins            359580944            +0.0%
         primes           1360848800             0.0%
         queens            149875488             0.0%
           rfib               113256             0.0%
            tak               103464            -0.0%
   wheel-sieve1             23756472            +0.0%
   wheel-sieve2            160681232            +0.0%
           x2n1              2623912             0.0%
        -1 s.d.                -----            -0.0%
        +1 s.d.                -----            +0.0%
        Average                -----            +0.0%

Run Time

-------------------------------------------------------------------------------
        Program     nofib_previous.l nofib.2017.07.11
-------------------------------------------------------------------------------
           ansi                1.085            +1.7%
           atom                1.481            -2.1%
         awards                0.000            0.000
         banner                0.000            0.003
     bernouilli                0.184            0.184
          boyer                0.738           -16.1%
         boyer2                0.010            0.013
       calendar                0.003            0.003
       cichelli                0.106            0.075
        circsim                1.156            -7.0%
       clausify                0.579           -14.1%
    constraints                3.281            +5.4%
   cryptarithm1                0.703            -5.3%
   cryptarithm2                0.013            0.016
            cse                0.003            0.000
   digits-of-e1                1.859            -1.5%
   digits-of-e2                2.359            +0.7%
          eliza                0.000            0.000
         exp3_8                2.687            -1.7%
         expert                0.003            0.000
           fft2                -----            -----
    gen_regexps                0.972            -0.0%
      integrate                0.203            -4.6%
          kahan                0.981            +0.9%
      paraffins                0.941            +0.7%
         primes                0.944            +0.7%
         queens                0.369            -0.9%
           rfib                0.156            0.153
            tak                0.994            +0.9%
   wheel-sieve1                1.368            +0.3%
   wheel-sieve2                0.494            -0.7%
           x2n1                0.041            0.041
        -1 s.d.                -----            -7.6%
        +1 s.d.                -----            +3.1%
        Average                -----            -2.4%

Elapsed Time

-------------------------------------------------------------------------------
        Program     nofib_previous.l nofib.2017.07.11
-------------------------------------------------------------------------------
           ansi                1.214            -7.3%
           atom                1.523            -2.0%
         awards                0.001            0.002
         banner                0.002            0.005
     bernouilli                0.188            0.188
          boyer                0.760           -13.0%
         boyer2                0.011            0.009
       calendar                0.006            0.008
       cichelli                0.110            0.083
        circsim                1.187            -6.0%
       clausify                0.586            -9.9%
    constraints                3.341            +8.5%
   cryptarithm1                0.717            -4.3%
   cryptarithm2                0.013            0.009
            cse                0.004            0.003
   digits-of-e1                1.917            +3.8%
   digits-of-e2                2.443            +0.5%
          eliza                0.003            0.005
         exp3_8                2.911            -5.9%
         expert                0.004            0.006
           fft2                -----            -----
    gen_regexps                0.998            +0.0%
      integrate                0.227            +6.0%
          kahan                1.008            -0.7%
      paraffins                1.057            +0.1%
         primes                0.960            +1.5%
         queens                0.377            +0.1%
           rfib                0.155            0.155
            tak                1.154           -10.4%
   wheel-sieve1                1.425           +10.9%
   wheel-sieve2                0.515            +0.1%
           x2n1                0.042            0.042
        -1 s.d.                -----            -7.7%
        +1 s.d.                -----            +4.7%
        Average                -----            -1.7%

Mutator Time

-------------------------------------------------------------------------------
        Program     nofib_previous.l nofib.2017.07.11
-------------------------------------------------------------------------------
           ansi                0.857            +7.6%
           atom                0.740            +4.2%
         awards                0.000            0.000
         banner                0.000            0.003
     bernouilli                0.115            0.141
          boyer                0.410           -15.4%
         boyer2                0.003            0.003
       calendar                0.003            0.003
       cichelli                0.087            0.056
        circsim                0.694           -11.7%
       clausify                0.428           -11.0%
    constraints                0.988            +3.2%
   cryptarithm1                0.678            -5.0%
   cryptarithm2                0.013            0.016
            cse                0.000            0.000
   digits-of-e1                1.553            -2.0%
   digits-of-e2                1.272            -1.0%
          eliza                0.000            0.000
         exp3_8                2.212            -2.5%
         expert                0.003            0.000
           fft2                -----            -----
    gen_regexps                0.635            -1.0%
      integrate                0.200            0.194
          kahan                0.981            +0.9%
      paraffins                0.122            0.119
         primes                0.763            -1.6%
         queens                0.369            -1.7%
           rfib                0.156            0.150
            tak                0.994            +0.9%
   wheel-sieve1                1.334            -0.2%
   wheel-sieve2                0.097            0.097
           x2n1                0.041            0.041
        -1 s.d.                -----            -8.2%
        +1 s.d.                -----            +3.7%
        Average                -----            -2.4%

Mutator Elapsed Time

-------------------------------------------------------------------------------
        Program     nofib_previous.l nofib.2017.07.11
-------------------------------------------------------------------------------
           ansi                1.009            -8.7%
           atom                0.813            -1.2%
         awards                0.001            0.001
         banner                0.001            0.005
     bernouilli                0.130            0.130
          boyer                0.414           -14.6%
         boyer2                0.006            0.005
       calendar                0.004            0.007
       cichelli                0.084            0.062
        circsim                0.680            -7.3%
       clausify                0.442           -13.1%
    constraints                1.037            +4.6%
   cryptarithm1                0.700            -4.3%
   cryptarithm2                0.010            0.008
            cse                0.002            0.002
   digits-of-e1                1.606            +4.1%
   digits-of-e2                1.316            -0.2%
          eliza                0.002            0.005
         exp3_8                2.407            -5.9%
         expert                0.003            0.006
           fft2                -----            -----
    gen_regexps                0.674            -0.3%
      integrate                0.225            +6.0%
          kahan                1.008            -0.7%
      paraffins                0.147            0.139
         primes                0.781            +1.4%
         queens                0.374             0.0%
           rfib                0.155            0.155
            tak                1.154           -10.5%
   wheel-sieve1                1.378           +11.6%
   wheel-sieve2                0.106            0.109
           x2n1                0.042            0.042
        -1 s.d.                -----            -9.2%
        +1 s.d.                -----            +4.6%
        Average                -----            -2.5%

GC Time

-------------------------------------------------------------------------------
        Program     nofib_previous.l nofib.2017.07.11
-------------------------------------------------------------------------------
           ansi                0.228           -20.7%
           atom                0.741            -8.5%
         awards                0.000            0.000
         banner                0.000            0.000
     bernouilli                0.069            0.044
          boyer                0.328           -17.1%
         boyer2                0.006            0.010
       calendar                0.000            0.000
       cichelli                0.019            0.019
        circsim                0.463             0.0%
       clausify                0.150            0.116
    constraints                2.291            +6.5%
   cryptarithm1                0.025            0.022
   cryptarithm2                0.000            0.000
            cse                0.000            0.000
   digits-of-e1                0.306            +1.1%
   digits-of-e2                1.088            +2.6%
          eliza                0.000            0.000
         exp3_8                0.475            +2.0%
         expert                0.000            0.000
           fft2                -----            -----
    gen_regexps                0.337            +1.8%
      integrate                0.003            0.000
          kahan                0.000            0.000
      paraffins                0.819            +1.1%
         primes                0.182            0.200
         queens                0.000            0.003
           rfib                0.000            0.000
            tak                0.000            0.000
   wheel-sieve1                0.034            0.041
   wheel-sieve2                0.397            -0.9%
           x2n1                0.000            0.000
        -1 s.d.                -----           -11.6%
        +1 s.d.                -----            +5.9%
        Average                -----            -3.3%

GC Elapsed Time

-------------------------------------------------------------------------------
        Program     nofib_previous.l nofib.2017.07.11
-------------------------------------------------------------------------------
           ansi                0.205            -0.6%
           atom                0.709            -2.9%
         awards                0.000            0.000
         banner                0.000            0.000
     bernouilli                0.058            0.057
          boyer                0.345           -10.8%
         boyer2                0.004            0.003
       calendar                0.001            0.000
       cichelli                0.025            0.021
        circsim                0.506            -4.2%
       clausify                0.143            0.143
    constraints                2.303           +10.3%
   cryptarithm1                0.017            0.016
   cryptarithm2                0.001            0.001
            cse                0.001            0.001
   digits-of-e1                0.310            +2.1%
   digits-of-e2                1.127            +1.3%
          eliza                0.000            0.000
         exp3_8                0.503            -5.7%
         expert                0.000            0.000
           fft2                -----            -----
    gen_regexps                0.324            +0.6%
      integrate                0.002            0.002
          kahan                0.000            0.000
      paraffins                0.910            +0.9%
         primes                0.179            0.182
         queens                0.002            0.002
           rfib                0.000            0.000
            tak                0.000            0.000
   wheel-sieve1                0.047            0.042
   wheel-sieve2                0.408            -0.7%
           x2n1                0.000            0.000
        -1 s.d.                -----            -5.9%
        +1 s.d.                -----            +4.2%
        Average                -----            -1.0%

GC(0) Count

-------------------------------------------------------------------------------
        Program     nofib_previous.l nofib.2017.07.11
-------------------------------------------------------------------------------
           ansi                 4012             0.0%
           atom                 1150             0.0%
         awards                    0             0.0%
         banner                    0             0.0%
     bernouilli                  203             0.0%
          boyer                  779             0.0%
         boyer2                    2             0.0%
       calendar                    1             0.0%
       cichelli                   55             0.0%
        circsim                  551             0.0%
       clausify                  385             0.0%
    constraints                 1972             0.0%
   cryptarithm1                 1963             0.0%
   cryptarithm2                   11             0.0%
            cse                    1             0.0%
   digits-of-e1                  799             0.0%
   digits-of-e2                  905             0.0%
          eliza                    0             0.0%
         exp3_8                 3375             0.0%
         expert                    0             0.0%
           fft2                -----            -----
    gen_regexps                  331             0.0%
      integrate                    3             0.0%
          kahan                    1             0.0%
      paraffins                  319             0.0%
         primes                  791             0.0%
         queens                  143             0.0%
           rfib                    0             0.0%
            tak                    0             0.0%
   wheel-sieve1                   18             0.0%
   wheel-sieve2                  147             0.0%
           x2n1                    2             0.0%
        -1 s.d.                -----            -0.0%
        +1 s.d.                -----            +0.0%
        Average                -----            -0.0%

GC(0) Time

-------------------------------------------------------------------------------
        Program     nofib_previous.l nofib.2017.07.11
-------------------------------------------------------------------------------
           ansi                0.228           -23.4%
           atom                0.516           -12.1%
         awards                0.000            0.000
         banner                0.000            0.000
     bernouilli                0.047            0.025
          boyer                0.278           -13.5%
         boyer2                0.000            0.006
       calendar                0.000            0.000
       cichelli                0.016            0.019
        circsim                0.441            +1.4%
       clausify                0.112            0.084
    constraints                2.253            +7.6%
   cryptarithm1                0.025            0.022
   cryptarithm2                0.000            0.000
            cse                0.000            0.000
   digits-of-e1                0.272            +4.8%
   digits-of-e2                0.716            +9.6%
          eliza                0.000            0.000
         exp3_8                0.475            +2.0%
         expert                0.000            0.000
           fft2                -----            -----
    gen_regexps                0.331            +1.0%
      integrate                0.000            0.000
          kahan                0.000            0.000
      paraffins                0.806            +1.2%
         primes                0.150            0.162
         queens                0.000            0.003
           rfib                0.000            0.000
            tak                0.000            0.000
   wheel-sieve1                0.028            0.041
   wheel-sieve2                0.391            -2.3%
           x2n1                0.000            0.000
        -1 s.d.                -----           -12.2%
        +1 s.d.                -----            +8.0%
        Average                -----            -2.7%

GC(0) Elapsed Time

-------------------------------------------------------------------------------
        Program     nofib_previous.l nofib.2017.07.11
-------------------------------------------------------------------------------
           ansi                0.202            -0.6%
           atom                0.484            -3.5%
         awards                0.000            0.000
         banner                0.000            0.000
     bernouilli                0.043            0.044
          boyer                0.314           -10.9%
         boyer2                0.002            0.002
       calendar                0.000            0.000
       cichelli                0.021            0.017
        circsim                0.486            -3.7%
       clausify                0.105            0.107
    constraints                2.281           +10.3%
   cryptarithm1                0.017            0.016
   cryptarithm2                0.001            0.001
            cse                0.000            0.000
   digits-of-e1                0.276            +0.1%
   digits-of-e2                0.770            +1.4%
          eliza                0.000            0.000
         exp3_8                0.503            -5.7%
         expert                0.000            0.000
           fft2                -----            -----
    gen_regexps                0.317            +0.8%
      integrate                0.001            0.001
          kahan                0.000            0.000
      paraffins                0.892            +0.9%
         primes                0.153            0.155
         queens                0.002            0.002
           rfib                0.000            0.000
            tak                0.000            0.000
   wheel-sieve1                0.043            0.038
   wheel-sieve2                0.400            -0.7%
           x2n1                0.000            0.000
        -1 s.d.                -----            -6.0%
        +1 s.d.                -----            +3.9%
        Average                -----            -1.2%

GC(1) Count

-------------------------------------------------------------------------------
        Program     nofib_previous.l nofib.2017.07.11
-------------------------------------------------------------------------------
           ansi                   38             0.0%
           atom                  158             0.0%
         awards                    1             0.0%
         banner                    1             0.0%
     bernouilli                   56             0.0%
          boyer                   75             0.0%
         boyer2                    2             0.0%
       calendar                    2             0.0%
       cichelli                    5             0.0%
        circsim                    6             0.0%
       clausify                   51             0.0%
    constraints                   29             0.0%
   cryptarithm1                    2             0.0%
   cryptarithm2                    2             0.0%
            cse                    1             0.0%
   digits-of-e1                   95             0.0%
   digits-of-e2                  339             0.0%
          eliza                    1             0.0%
         exp3_8                    2             0.0%
         expert                    1             0.0%
           fft2                -----            -----
    gen_regexps                   10             0.0%
      integrate                    2             0.0%
          kahan                    1             0.0%
      paraffins                    6             0.0%
         primes                   33             0.0%
         queens                    2             0.0%
           rfib                    1             0.0%
            tak                    1             0.0%
   wheel-sieve1                    5             0.0%
   wheel-sieve2                    7             0.0%
           x2n1                    1             0.0%
        -1 s.d.                -----            -0.0%
        +1 s.d.                -----            +0.0%
        Average                -----            -0.0%

GC(1) Time

-------------------------------------------------------------------------------
        Program     nofib_previous.l nofib.2017.07.11
-------------------------------------------------------------------------------
           ansi                0.000            0.006
           atom                0.225            +0.0%
         awards                0.000            0.000
         banner                0.000            0.000
     bernouilli                0.022            0.019
          boyer                0.050            0.031
         boyer2                0.006            0.003
       calendar                0.000            0.000
       cichelli                0.003            0.000
        circsim                0.022            0.016
       clausify                0.037            0.031
    constraints                0.038            0.016
   cryptarithm1                0.000            0.000
   cryptarithm2                0.000            0.000
            cse                0.000            0.000
   digits-of-e1                0.034            0.025
   digits-of-e2                0.372           -11.0%
          eliza                0.000            0.000
         exp3_8                0.000            0.000
         expert                0.000            0.000
           fft2                -----            -----
    gen_regexps                0.006            0.010
      integrate                0.003            0.000
          kahan                0.000            0.000
      paraffins                0.013            0.013
         primes                0.031            0.038
         queens                0.000            0.000
           rfib                0.000            0.000
            tak                0.000            0.000
   wheel-sieve1                0.006            0.000
   wheel-sieve2                0.006            0.013
           x2n1                0.000            0.000
        -1 s.d.                -----           -11.0%
        +1 s.d.                -----            +0.0%
        Average                -----            -5.6%

GC(1) Elapsed Time

-------------------------------------------------------------------------------
        Program     nofib_previous.l nofib.2017.07.11
-------------------------------------------------------------------------------
           ansi                0.003            0.003
           atom                0.225            -1.7%
         awards                0.000            0.000
         banner                0.000            0.000
     bernouilli                0.014            0.014
          boyer                0.031            0.028
         boyer2                0.002            0.002
       calendar                0.001            0.000
       cichelli                0.004            0.004
        circsim                0.020            0.017
       clausify                0.038            0.035
    constraints                0.022            0.023
   cryptarithm1                0.000            0.000
   cryptarithm2                0.000            0.000
            cse                0.001            0.001
   digits-of-e1                0.034            0.041
   digits-of-e2                0.356            +1.4%
          eliza                0.000            0.000
         exp3_8                0.000            0.000
         expert                0.000            0.000
           fft2                -----            -----
    gen_regexps                0.007            0.007
      integrate                0.001            0.001
          kahan                0.000            0.000
      paraffins                0.018            0.018
         primes                0.026            0.027
         queens                0.000            0.000
           rfib                0.000            0.000
            tak                0.000            0.000
   wheel-sieve1                0.004            0.004
   wheel-sieve2                0.008            0.008
           x2n1                0.000            0.000
        -1 s.d.                -----            -1.7%
        +1 s.d.                -----            +1.4%
        Average                -----            -0.2%

GC Work

-------------------------------------------------------------------------------
        Program     nofib_previous.l nofib.2017.07.11
-------------------------------------------------------------------------------
           ansi            118300787            +0.0%
           atom            419820448             0.0%
         awards                 1824             0.0%
         banner                 2496             0.0%
     bernouilli             69050000             0.0%
          boyer            102602120             0.0%
         boyer2               721120             0.0%
       calendar                12448             0.0%
       cichelli             12877904            +2.1%
        circsim            202826232             0.0%
       clausify             64007520             0.0%
    constraints           1092616360             0.0%
   cryptarithm1              2721736             0.0%
   cryptarithm2                53272             0.0%
            cse               212696             0.0%
   digits-of-e1            107077240             0.0%
   digits-of-e2            462942472             0.0%
          eliza                 2496             0.0%
         exp3_8            326891708             0.0%
         expert                 3320             0.0%
           fft2                -----            -----
    gen_regexps            236862670            +0.0%
      integrate                74192             0.0%
          kahan                42656             0.0%
      paraffins            531909520             0.0%
         primes            103705144             0.0%
         queens               185024             0.0%
           rfib                 1824             0.0%
            tak                 1824             0.0%
   wheel-sieve1             30548593            -0.0%
   wheel-sieve2            143618352             0.0%
           x2n1                 6528             0.0%
        -1 s.d.                -----            -0.3%
        +1 s.d.                -----            +0.4%
        Average                -----            +0.1%

GC work balance

-------------------------------------------------------------------------------
        Program     nofib_previous.l nofib.2017.07.11
-------------------------------------------------------------------------------
           ansi                1.000             0.0%
           atom                1.000             0.0%
         awards                1.000             0.0%
         banner                1.000             0.0%
     bernouilli                1.000             0.0%
          boyer                1.000             0.0%
         boyer2                1.000             0.0%
       calendar                1.000             0.0%
       cichelli                1.000             0.0%
        circsim                1.000             0.0%
       clausify                1.000             0.0%
    constraints                1.000             0.0%
   cryptarithm1                1.000             0.0%
   cryptarithm2                1.000             0.0%
            cse                1.000             0.0%
   digits-of-e1                1.000             0.0%
   digits-of-e2                1.000             0.0%
          eliza                1.000             0.0%
         exp3_8                1.000             0.0%
         expert                1.000             0.0%
           fft2                -----            -----
    gen_regexps                1.000             0.0%
      integrate                1.000             0.0%
          kahan                1.000             0.0%
      paraffins                1.000             0.0%
         primes                1.000             0.0%
         queens                1.000             0.0%
           rfib                1.000             0.0%
            tak                1.000             0.0%
   wheel-sieve1                1.000             0.0%
   wheel-sieve2                1.000             0.0%
           x2n1                1.000             0.0%
        -1 s.d.                -----            -0.0%
        +1 s.d.                -----            +0.0%
        Average                -----            -0.0%

Instructions

-------------------------------------------------------------------------------
        Program     nofib_previous.l nofib.2017.07.11
-------------------------------------------------------------------------------
           ansi          (no result)      (no result)
           atom          (no result)      (no result)
         awards          (no result)      (no result)
         banner          (no result)      (no result)
     bernouilli          (no result)      (no result)
          boyer          (no result)      (no result)
         boyer2          (no result)      (no result)
       calendar          (no result)      (no result)
       cichelli          (no result)      (no result)
        circsim          (no result)      (no result)
       clausify          (no result)      (no result)
    constraints          (no result)      (no result)
   cryptarithm1          (no result)      (no result)
   cryptarithm2          (no result)      (no result)
            cse          (no result)      (no result)
   digits-of-e1          (no result)      (no result)
   digits-of-e2          (no result)      (no result)
          eliza          (no result)      (no result)
         exp3_8          (no result)      (no result)
         expert          (no result)      (no result)
           fft2                -----            -----
    gen_regexps          (no result)      (no result)
      integrate          (no result)      (no result)
          kahan          (no result)      (no result)
      paraffins          (no result)      (no result)
         primes          (no result)      (no result)
         queens          (no result)      (no result)
           rfib          (no result)      (no result)
            tak          (no result)      (no result)
   wheel-sieve1          (no result)      (no result)
   wheel-sieve2          (no result)      (no result)
           x2n1          (no result)      (no result)
        -1 s.d.                -----            -----
        +1 s.d.                -----            -----
        Average                -----            -----

Memory Reads

-------------------------------------------------------------------------------
        Program     nofib_previous.l nofib.2017.07.11
-------------------------------------------------------------------------------
           ansi          (no result)      (no result)
           atom          (no result)      (no result)
         awards          (no result)      (no result)
         banner          (no result)      (no result)
     bernouilli          (no result)      (no result)
          boyer          (no result)      (no result)
         boyer2          (no result)      (no result)
       calendar          (no result)      (no result)
       cichelli          (no result)      (no result)
        circsim          (no result)      (no result)
       clausify          (no result)      (no result)
    constraints          (no result)      (no result)
   cryptarithm1          (no result)      (no result)
   cryptarithm2          (no result)      (no result)
            cse          (no result)      (no result)
   digits-of-e1          (no result)      (no result)
   digits-of-e2          (no result)      (no result)
          eliza          (no result)      (no result)
         exp3_8          (no result)      (no result)
         expert          (no result)      (no result)
           fft2                -----            -----
    gen_regexps          (no result)      (no result)
      integrate          (no result)      (no result)
          kahan          (no result)      (no result)
      paraffins          (no result)      (no result)
         primes          (no result)      (no result)
         queens          (no result)      (no result)
           rfib          (no result)      (no result)
            tak          (no result)      (no result)
   wheel-sieve1          (no result)      (no result)
   wheel-sieve2          (no result)      (no result)
           x2n1          (no result)      (no result)
        -1 s.d.                -----            -----
        +1 s.d.                -----            -----
        Average                -----            -----

Memory Writes

-------------------------------------------------------------------------------
        Program     nofib_previous.l nofib.2017.07.11
-------------------------------------------------------------------------------
           ansi          (no result)      (no result)
           atom          (no result)      (no result)
         awards          (no result)      (no result)
         banner          (no result)      (no result)
     bernouilli          (no result)      (no result)
          boyer          (no result)      (no result)
         boyer2          (no result)      (no result)
       calendar          (no result)      (no result)
       cichelli          (no result)      (no result)
        circsim          (no result)      (no result)
       clausify          (no result)      (no result)
    constraints          (no result)      (no result)
   cryptarithm1          (no result)      (no result)
   cryptarithm2          (no result)      (no result)
            cse          (no result)      (no result)
   digits-of-e1          (no result)      (no result)
   digits-of-e2          (no result)      (no result)
          eliza          (no result)      (no result)
         exp3_8          (no result)      (no result)
         expert          (no result)      (no result)
           fft2                -----            -----
    gen_regexps          (no result)      (no result)
      integrate          (no result)      (no result)
          kahan          (no result)      (no result)
      paraffins          (no result)      (no result)
         primes          (no result)      (no result)
         queens          (no result)      (no result)
           rfib          (no result)      (no result)
            tak          (no result)      (no result)
   wheel-sieve1          (no result)      (no result)
   wheel-sieve2          (no result)      (no result)
           x2n1          (no result)      (no result)
        -1 s.d.                -----            -----
        +1 s.d.                -----            -----
        Average                -----            -----

Cache Misses

-------------------------------------------------------------------------------
        Program     nofib_previous.l nofib.2017.07.11
-------------------------------------------------------------------------------
           ansi          (no result)      (no result)
           atom          (no result)      (no result)
         awards          (no result)      (no result)
         banner          (no result)      (no result)
     bernouilli          (no result)      (no result)
          boyer          (no result)      (no result)
         boyer2          (no result)      (no result)
       calendar          (no result)      (no result)
       cichelli          (no result)      (no result)
        circsim          (no result)      (no result)
       clausify          (no result)      (no result)
    constraints          (no result)      (no result)
   cryptarithm1          (no result)      (no result)
   cryptarithm2          (no result)      (no result)
            cse          (no result)      (no result)
   digits-of-e1          (no result)      (no result)
   digits-of-e2          (no result)      (no result)
          eliza          (no result)      (no result)
         exp3_8          (no result)      (no result)
         expert          (no result)      (no result)
           fft2                -----            -----
    gen_regexps          (no result)      (no result)
      integrate          (no result)      (no result)
          kahan          (no result)      (no result)
      paraffins          (no result)      (no result)
         primes          (no result)      (no result)
         queens          (no result)      (no result)
           rfib          (no result)      (no result)
            tak          (no result)      (no result)
   wheel-sieve1          (no result)      (no result)
   wheel-sieve2          (no result)      (no result)
           x2n1          (no result)      (no result)
        -1 s.d.                -----            -----
        +1 s.d.                -----            -----
        Average                -----            -----

Total Memory in use

-------------------------------------------------------------------------------
        Program     nofib_previous.l nofib.2017.07.11
-------------------------------------------------------------------------------
           ansi              3145728             0.0%
           atom              4194304             0.0%
         awards              2097152             0.0%
         banner              2097152             0.0%
     bernouilli              3145728             0.0%
          boyer              3145728             0.0%
         boyer2              2097152             0.0%
       calendar              2097152             0.0%
       cichelli              7549747           +11.1%
        circsim             74448896             0.0%
       clausify              3145728             0.0%
    constraints            134217728             0.0%
   cryptarithm1              2097152             0.0%
   cryptarithm2              2097152             0.0%
            cse              2097152             0.0%
   digits-of-e1              3145728             0.0%
   digits-of-e2              4194304             0.0%
          eliza              2097152             0.0%
         exp3_8              3145728             0.0%
         expert              2097152             0.0%
           fft2                -----            -----
    gen_regexps             63963136             0.0%
      integrate            106954752             0.0%
          kahan              2097152             0.0%
      paraffins            340787200             0.0%
         primes              4194304             0.0%
         queens              2097152             0.0%
           rfib              2097152             0.0%
            tak              2097152             0.0%
   wheel-sieve1             26214400             0.0%
   wheel-sieve2             84934656             0.0%
           x2n1              2097152             0.0%
        -1 s.d.                -----            -1.5%
        +1 s.d.                -----            +2.2%
        Average                -----            +0.3%
Module Sizes

-------------------------------------------------------------------------------
        Program     nofib_previous.l nofib.2017.07.11
-------------------------------------------------------------------------------

ansi
           Main                14512             0.0%

atom
           Main                11760             0.0%

awards
           Main                12304             0.0%
          QSort                 2864             0.0%

banner
           Main                28208             0.0%

bernouilli
           Main                 8608             0.0%

boyer
           Main                36304             0.0%

boyer2
        Checker                 4160             0.0%
    Lisplikefns                21872             0.0%
           Main                 6256             0.0%
     Rewritefns                10256             0.0%
   Rulebasetext                22784             0.0%

calendar
           Main                18928             0.0%

cichelli
          Auxil                16080             0.0%
       Interval                  160             0.0%
            Key                 3584             0.0%
           Main                  512             0.0%
           Prog                16208             0.0%

circsim
           Main                63840             0.0%

clausify
           Main                28208             0.0%

constraints
           Main                35776             0.0%

cryptarithm1
           Main                 4832             0.0%

cryptarithm2
           Main                27312             0.0%

cse
           Main                26432             0.0%
     StateMonad                 4144             0.0%

digits-of-e1
           Main                 6496             0.0%

digits-of-e2
           Main                 7888             0.0%

eliza
           Main                44704             0.0%

exp3_8
           Main                 8192             0.0%

expert
      Knowledge                14432             0.0%
           Main                 9168             0.0%
          Match                 4288             0.0%
         Result                 2128             0.0%
         Search                12080             0.0%
          Table                19232             0.0%

fft2
Complex_Vectors                 3312             0.0%
        Fourier                22848             0.0%
           Main                 4480             0.0%

gen_regexps
           Main                 7888             0.0%

integrate
           Main                 8096             0.0%

kahan
           Main                 3344             0.0%

paraffins
           Main                23072             0.0%

primes
           Main                 3520             0.0%

queens
           Main                 3232             0.0%

rfib
           Main                 2272             0.0%

tak
           Main                 3088             0.0%

wheel-sieve1
           Main                16464             0.0%

wheel-sieve2
           Main                11744             0.0%

x2n1
           Main                 4752             0.0%

        -1 s.d.                -----            -0.0%
        +1 s.d.                -----             0.0%
        Average                -----            -0.0%

Compile Times

-------------------------------------------------------------------------------
        Program     nofib_previous.l nofib.2017.07.11
-------------------------------------------------------------------------------

ansi
           Main                0.547            +8.6%

atom
           Main                0.422           +14.7%

awards
           Main                0.563            +8.2%
          QSort                0.156            0.156

banner
           Main                0.750            -8.3%

bernouilli
           Main                0.407            +7.6%

boyer
           Main                1.422            +1.1%

boyer2
        Checker                0.281           -38.8%
    Lisplikefns                0.656           -23.8%
           Main                0.328           -14.3%
     Rewritefns                0.360            -8.9%
   Rulebasetext                0.328            +0.3%

calendar
           Main                0.875           -16.0%

cichelli
          Auxil                0.562            -2.7%
       Interval                0.125            0.125
            Key                0.156            0.109
           Main                0.172            0.156
           Prog                0.578           -18.9%

circsim
           Main                2.203            -3.6%

clausify
           Main                1.015           -13.8%

constraints
           Main                1.328            -7.1%

cryptarithm1
           Main                0.344           -27.3%

cryptarithm2
           Main                0.937           -13.3%

cse
           Main                0.922           -16.9%
     StateMonad                0.203           -15.3%

digits-of-e1
           Main                0.344           +18.0%

digits-of-e2
           Main                0.375             0.0%

eliza
           Main                1.124           -15.2%

exp3_8
           Main                0.407           -19.4%

expert
      Knowledge                0.500           -18.8%
           Main                0.547            -5.9%
          Match                0.297           -20.9%
         Result                0.140            0.124
         Search                0.469           -20.0%
          Table                0.672           -14.0%

fft2
Complex_Vectors                0.297           -20.9%
        Fourier                0.859           -14.6%
           Main                0.469           -16.6%

gen_regexps
           Main                0.469           +10.0%

integrate
           Main                0.407            -7.9%

kahan
           Main                0.453            +3.3%

paraffins
           Main                0.890            +3.6%

primes
           Main                0.219           +14.2%

queens
           Main                0.281           +11.0%

rfib
           Main                0.250           -18.8%

tak
           Main                0.282            -6.0%

wheel-sieve1
           Main                0.500            -6.4%

wheel-sieve2
           Main                0.469             0.0%

x2n1
           Main                0.437           -10.5%

        -1 s.d.                -----           -20.3%
        +1 s.d.                -----            +4.7%
        Average                -----            -8.7%

Compile Allocations

-------------------------------------------------------------------------------
        Program     nofib_previous.l nofib.2017.07.11
-------------------------------------------------------------------------------

ansi
           Main            258727464            -0.8%

atom
           Main            204027576            -0.3%

awards
           Main            276575168            -1.4%
          QSort             80563776            -0.0%

banner
           Main            403947712            +0.0%

bernouilli
           Main            184954080             0.0%

boyer
           Main            773098432            -0.5%

boyer2
        Checker            101835224            +2.9%
    Lisplikefns            277254312            +1.1%
           Main            116254720            +0.0%
     Rewritefns            169553632            -0.0%
   Rulebasetext            162360576            +1.3%

calendar
           Main            344879672            +0.2%

cichelli
          Auxil            266474456            +1.2%
       Interval             33591536            +1.3%
            Key             56482504            +1.3%
           Main             52507912            +4.5%
           Prog            229607928            +1.2%

circsim
           Main           1094820360            -0.0%

clausify
           Main            470660832            -0.0%

constraints
           Main            575664160            -0.2%

cryptarithm1
           Main            119110136            +2.7%

cryptarithm2
           Main            388127560            +1.1%

cse
           Main            397201792            +0.6%
     StateMonad             90119144            +2.2%

digits-of-e1
           Main            140819688            +0.1%

digits-of-e2
           Main            166169768            +2.2%

eliza
           Main            501048656            +0.1%

exp3_8
           Main            167252808            +0.0%

expert
      Knowledge            199047712            +1.0%
           Main            186865944            -0.1%
          Match            101677088             0.0%
         Result             62341056            +0.4%
         Search            174128408             0.0%
          Table            300983944            -1.2%

fft2
Complex_Vectors             99644848            +3.0%
        Fourier            339333768            -0.0%
           Main            132397632            -0.3%

gen_regexps
           Main            193035568            +0.4%

integrate
           Main            177683160            +1.9%

kahan
           Main            170412736            +0.6%

paraffins
           Main            443681400            -0.6%

primes
           Main            111081520            -3.4%

queens
           Main            115980424            +0.0%

rfib
           Main             95829472            +0.9%

tak
           Main            102709456            +3.5%

wheel-sieve1
           Main            231157552            -1.4%

wheel-sieve2
           Main            201793544            +1.2%

x2n1
           Main            163861280            -1.1%

        -1 s.d.                -----            -0.8%
        +1 s.d.                -----            +1.9%
        Average                -----            +0.5%
